2017-04-14 03:01:17,408 - BlobStoreLogger - INFO - Thread-1 - REQUEST RECEIVED: type = POST, key = largeBlobKey-3438233
2017-04-14 03:01:17,440 - BlobStoreLogger - INFO - Thread-1 - REQUEST RECEIVED: type = POST, key = largeBlobKey-3438234
2017-04-14 03:01:17,463 - BlobStoreLogger - INFO - Thread-1 - REQUEST RECEIVED: type = POST, key = largeBlobKey-3438235
2017-04-14 03:01:17,483 - BlobStoreLogger - INFO - Thread-1 - REQUEST RECEIVED: type = POST, key = largeBlobKey-3438236
2017-04-14 03:01:17,505 - BlobStoreLogger - INFO - Thread-1 - REQUEST RECEIVED: type = POST, key = largeBlobKey-3438237
2017-04-14 03:01:17,527 - BlobStoreLogger - INFO - Thread-1 - REQUEST RECEIVED: type = POST, key = largeBlobKey-3438238
2017-04-14 03:01:17,549 - BlobStoreLogger - INFO - Thread-1 - REQUEST RECEIVED: type = POST, key = largeBlobKey-3438239
2017-04-14 03:01:17,571 - BlobStoreLogger - INFO - Thread-1 - REQUEST RECEIVED: type = POST, key = largeBlobKey-3438240
2017-04-14 03:01:17,592 - BlobStoreLogger - INFO - Thread-1 - REQUEST RECEIVED: type = POST, key = largeBlobKey-3438241
2017-04-14 03:01:17,616 - BlobStoreLogger - INFO - Thread-1 - REQUEST RECEIVED: type = POST, key = largeBlobKey-3438242
2017-04-14 03:01:17,943 - BlobStoreLogger - INFO - Thread-1 - REQUEST RECEIVED: type = POST, key = largeBlobKey-3438243
2017-04-14 03:01:17,969 - BlobStoreLogger - INFO - Thread-1 - REQUEST RECEIVED: type = POST, key = largeBlobKey-3438244
2017-04-14 03:01:17,993 - BlobStoreLogger - INFO - Thread-1 - REQUEST RECEIVED: type = POST, key = largeBlobKey-3438245
2017-04-14 03:01:18,020 - BlobStoreLogger - INFO - Thread-1 - REQUEST RECEIVED: type = POST, key = largeBlobKey-3438246
2017-04-14 03:01:18,049 - BlobStoreLogger - INFO - Thread-1 - REQUEST RECEIVED: type = POST, key = largeBlobKey-3438247
2017-04-14 03:01:18,071 - BlobStoreLogger - INFO - Thread-1 - REQUEST RECEIVED: type = POST, key = largeBlobKey-3438248
2017-04-14 03:01:18,096 - BlobStoreLogger - INFO - Thread-1 - REQUEST RECEIVED: type = POST, key = largeBlobKey-3438249
2017-04-14 03:01:18,121 - BlobStoreLogger - INFO - Thread-1 - REQUEST RECEIVED: type = POST, key = largeBlobKey-3438250
2017-04-14 03:01:18,147 - BlobStoreLogger - INFO - Thread-1 - REQUEST RECEIVED: type = POST, key = largeBlobKey-3438251
2017-04-14 03:01:18,169 - BlobStoreLogger - INFO - Thread-1 - REQUEST RECEIVED: type = POST, key = largeBlobKey-3438252
2017-04-14 03:01:18,464 - BlobStoreLogger - INFO - Thread-1 - REQUEST RECEIVED: type = POST, key = largeBlobKey-3438253
2017-04-14 03:01:18,508 - BlobStoreLogger - INFO - Thread-1 - REQUEST RECEIVED: type = POST, key = largeBlobKey-3438254
2017-04-14 03:01:18,537 - BlobStoreLogger - INFO - Thread-1 - REQUEST RECEIVED: type = POST, key = largeBlobKey-3438255
2017-04-14 03:01:18,567 - BlobStoreLogger - INFO - Thread-1 - REQUEST RECEIVED: type = POST, key = largeBlobKey-3438256
2017-04-14 03:01:18,600 - BlobStoreLogger - INFO - Thread-1 - REQUEST RECEIVED: type = POST, key = largeBlobKey-3438257
2017-04-14 03:01:18,629 - BlobStoreLogger - INFO - Thread-1 - REQUEST RECEIVED: type = POST, key = largeBlobKey-3438258
2017-04-14 03:01:18,668 - BlobStoreLogger - INFO - Thread-1 - REQUEST RECEIVED: type = POST, key = largeBlobKey-3438259
2017-04-14 03:01:18,698 - BlobStoreLogger - INFO - Thread-1 - REQUEST RECEIVED: type = POST, key = largeBlobKey-3438260
2017-04-14 03:01:18,723 - BlobStoreLogger - INFO - Thread-1 - REQUEST RECEIVED: type = POST, key = largeBlobKey-3438261
2017-04-14 03:01:18,752 - BlobStoreLogger - INFO - Thread-1 - REQUEST RECEIVED: type = POST, key = largeBlobKey-3438262
2017-04-14 03:01:18,994 - BlobStoreLogger - INFO - Thread-1 - REQUEST RECEIVED: type = POST, key = largeBlobKey-3438263
2017-04-14 03:01:19,048 - BlobStoreLogger - INFO - Thread-1 - REQUEST RECEIVED: type = POST, key = largeBlobKey-3438264
2017-04-14 03:01:19,076 - BlobStoreLogger - INFO - Thread-1 - REQUEST RECEIVED: type = POST, key = largeBlobKey-3438265
2017-04-14 03:01:19,104 - BlobStoreLogger - INFO - Thread-1 - REQUEST RECEIVED: type = POST, key = largeBlobKey-3438266
2017-04-14 03:01:19,135 - BlobStoreLogger - INFO - Thread-1 - REQUEST RECEIVED: type = POST, key = largeBlobKey-3438267
2017-04-14 03:01:19,157 - BlobStoreLogger - INFO - Thread-1 - REQUEST RECEIVED: type = POST, key = largeBlobKey-3438268
2017-04-14 03:01:19,191 - BlobStoreLogger - INFO - Thread-1 - REQUEST RECEIVED: type = POST, key = largeBlobKey-3438269
2017-04-14 03:01:19,230 - BlobStoreLogger - INFO - Thread-1 - REQUEST RECEIVED: type = POST, key = largeBlobKey-3438270
2017-04-14 03:01:19,260 - BlobStoreLogger - INFO - Thread-1 - REQUEST RECEIVED: type = POST, key = largeBlobKey-3438271
2017-04-14 03:01:19,287 - BlobStoreLogger - INFO - Thread-1 - REQUEST RECEIVED: type = POST, key = largeBlobKey-3438272
2017-04-14 03:01:19,515 - BlobStoreLogger - INFO - Thread-1 - REQUEST RECEIVED: type = POST, key = largeBlobKey-3438273
2017-04-14 03:01:19,579 - BlobStoreLogger - INFO - Thread-1 - REQUEST RECEIVED: type = POST, key = largeBlobKey-3438274
2017-04-14 03:01:19,601 - BlobStoreLogger - INFO - Thread-1 - REQUEST RECEIVED: type = POST, key = largeBlobKey-3438275
2017-04-14 03:01:19,631 - BlobStoreLogger - INFO - Thread-1 - REQUEST RECEIVED: type = POST, key = largeBlobKey-3438276
2017-04-14 03:01:19,659 - BlobStoreLogger - INFO - Thread-1 - REQUEST RECEIVED: type = POST, key = largeBlobKey-3438277
2017-04-14 03:01:19,692 - BlobStoreLogger - INFO - Thread-1 - REQUEST RECEIVED: type = POST, key = largeBlobKey-3438278
2017-04-14 03:01:19,715 - BlobStoreLogger - INFO - Thread-1 - REQUEST RECEIVED: type = POST, key = largeBlobKey-3438279
2017-04-14 03:01:19,754 - BlobStoreLogger - INFO - Thread-1 - REQUEST RECEIVED: type = POST, key = largeBlobKey-3438280
2017-04-14 03:01:19,785 - BlobStoreLogger - INFO - Thread-1 - REQUEST RECEIVED: type = POST, key = largeBlobKey-3438281
2017-04-14 03:01:19,807 - BlobStoreLogger - INFO - Thread-1 - REQUEST RECEIVED: type = POST, key = largeBlobKey-3438282
2017-04-14 03:01:20,033 - BlobStoreLogger - INFO - Thread-1 - REQUEST RECEIVED: type = POST, key = largeBlobKey-3438283
2017-04-14 03:01:31,189 - BlobStoreLogger - INFO - Thread-1 - REQUEST RECEIVED: type = GET, key = largeBlobKey-3438376
2017-04-14 03:01:31,204 - BlobStoreLogger - INFO - Thread-1 - REQUEST RECEIVED: type = POST, key = largeBlobKey-3438376
2017-04-14 03:01:31,229 - BlobStoreLogger - INFO - Thread-1 - REQUEST RECEIVED: type = POST, key = largeBlobKey-3438377
2017-04-14 03:01:31,252 - BlobStoreLogger - INFO - Thread-1 - REQUEST RECEIVED: type = POST, key = largeBlobKey-3438378
2017-04-14 03:01:31,271 - BlobStoreLogger - INFO - Thread-1 - REQUEST RECEIVED: type = POST, key = largeBlobKey-3438379
2017-04-14 03:01:31,293 - BlobStoreLogger - INFO - Thread-1 - REQUEST RECEIVED: type = POST, key = largeBlobKey-3438380
2017-04-14 03:01:31,313 - BlobStoreLogger - INFO - Thread-1 - REQUEST RECEIVED: type = POST, key = largeBlobKey-3438381
2017-04-14 03:01:31,332 - BlobStoreLogger - INFO - Thread-1 - REQUEST RECEIVED: type = POST, key = largeBlobKey-3438382
2017-04-14 03:01:31,349 - BlobStoreLogger - INFO - Thread-1 - REQUEST RECEIVED: type = POST, key = largeBlobKey-3438383
2017-04-14 03:01:31,373 - BlobStoreLogger - INFO - Thread-1 - REQUEST RECEIVED: type = POST, key = largeBlobKey-3438384
2017-04-14 03:01:31,392 - BlobStoreLogger - INFO - Thread-1 - REQUEST RECEIVED: type = POST, key = largeBlobKey-3438385
2017-04-14 03:01:31,730 - BlobStoreLogger - INFO - Thread-1 - REQUEST RECEIVED: type = POST, key = largeBlobKey-3438386
2017-04-14 03:01:31,755 - BlobStoreLogger - INFO - Thread-1 - REQUEST RECEIVED: type = POST, key = largeBlobKey-3438387
2017-04-14 03:01:31,776 - BlobStoreLogger - INFO - Thread-1 - REQUEST RECEIVED: type = POST, key = largeBlobKey-3438388
2017-04-14 03:01:31,801 - BlobStoreLogger - INFO - Thread-1 - REQUEST RECEIVED: type = POST, key = largeBlobKey-3438389
2017-04-14 03:01:31,822 - BlobStoreLogger - INFO - Thread-1 - REQUEST RECEIVED: type = POST, key = largeBlobKey-3438390
2017-04-14 03:01:31,846 - BlobStoreLogger - INFO - Thread-1 - REQUEST RECEIVED: type = POST, key = largeBlobKey-3438391
2017-04-14 03:01:31,875 - BlobStoreLogger - INFO - Thread-1 - REQUEST RECEIVED: type = POST, key = largeBlobKey-3438392
2017-04-14 03:01:31,901 - BlobStoreLogger - INFO - Thread-1 - REQUEST RECEIVED: type = POST, key = largeBlobKey-3438393
2017-04-14 03:01:31,921 - BlobStoreLogger - INFO - Thread-1 - REQUEST RECEIVED: type = POST, key = largeBlobKey-3438394
2017-04-14 03:01:31,943 - BlobStoreLogger - INFO - Thread-1 - REQUEST RECEIVED: type = POST, key = largeBlobKey-3438395
2017-04-14 03:01:40,226 - BlobStoreLogger - INFO - Thread-1 - REQUEST RECEIVED: type = GET, key = largeBlobKey-3438464
2017-04-14 03:01:40,252 - BlobStoreLogger - INFO - Thread-1 - REQUEST RECEIVED: type = POST, key = largeBlobKey-3438464
2017-04-14 03:01:40,291 - BlobStoreLogger - INFO - Thread-1 - REQUEST RECEIVED: type = POST, key = largeBlobKey-3438465
2017-04-14 03:01:40,323 - BlobStoreLogger - INFO - Thread-1 - REQUEST RECEIVED: type = POST, key = largeBlobKey-3438466
2017-04-14 03:01:40,359 - BlobStoreLogger - INFO - Thread-1 - REQUEST RECEIVED: type = POST, key = largeBlobKey-3438467
2017-04-14 03:01:40,399 - BlobStoreLogger - INFO - Thread-1 - REQUEST RECEIVED: type = POST, key = largeBlobKey-3438468
2017-04-14 03:01:40,423 - BlobStoreLogger - INFO - Thread-1 - REQUEST RECEIVED: type = POST, key = largeBlobKey-3438469
2017-04-14 03:01:40,445 - BlobStoreLogger - INFO - Thread-1 - REQUEST RECEIVED: type = POST, key = largeBlobKey-3438470
2017-04-14 03:01:40,471 - BlobStoreLogger - INFO - Thread-1 - REQUEST RECEIVED: type = POST, key = largeBlobKey-3438471
2017-04-14 03:01:40,493 - BlobStoreLogger - INFO - Thread-1 - REQUEST RECEIVED: type = POST, key = largeBlobKey-3438472
2017-04-14 03:01:40,517 - BlobStoreLogger - INFO - Thread-1 - REQUEST RECEIVED: type = POST, key = largeBlobKey-3438473
2017-04-14 03:01:40,781 - BlobStoreLogger - INFO - Thread-1 - REQUEST RECEIVED: type = POST, key = largeBlobKey-3438474
2017-04-14 03:01:40,811 - BlobStoreLogger - INFO - Thread-1 - REQUEST RECEIVED: type = POST, key = largeBlobKey-3438475
2017-04-14 03:01:40,851 - BlobStoreLogger - INFO - Thread-1 - REQUEST RECEIVED: type = POST, key = largeBlobKey-3438476
2017-04-14 03:01:40,887 - BlobStoreLogger - INFO - Thread-1 - REQUEST RECEIVED: type = POST, key = largeBlobKey-3438477
2017-04-14 03:01:40,921 - BlobStoreLogger - INFO - Thread-1 - REQUEST RECEIVED: type = POST, key = largeBlobKey-3438478
2017-04-14 03:01:40,942 - BlobStoreLogger - INFO - Thread-1 - REQUEST RECEIVED: type = POST, key = largeBlobKey-3438479
2017-04-14 03:01:40,963 - BlobStoreLogger - INFO - Thread-1 - REQUEST RECEIVED: type = POST, key = largeBlobKey-3438480
2017-04-14 03:01:40,993 - BlobStoreLogger - INFO - Thread-1 - REQUEST RECEIVED: type = POST, key = largeBlobKey-3438481
2017-04-14 03:01:41,017 - BlobStoreLogger - INFO - Thread-1 - REQUEST RECEIVED: type = POST, key = largeBlobKey-3438482
2017-04-14 03:01:41,036 - BlobStoreLogger - INFO - Thread-1 - REQUEST RECEIVED: type = POST, key = largeBlobKey-3438483
2017-04-14 03:01:52,226 - BlobStoreLogger - INFO - Thread-1 - REQUEST RECEIVED: type = GET, key = largeBlobKey-3438605
2017-04-14 03:01:52,250 - BlobStoreLogger - INFO - Thread-1 - REQUEST RECEIVED: type = POST, key = largeBlobKey-3438606
2017-04-14 03:01:52,269 - BlobStoreLogger - INFO - Thread-1 - REQUEST RECEIVED: type = POST, key = largeBlobKey-3438607
2017-04-14 03:01:52,286 - BlobStoreLogger - INFO - Thread-1 - REQUEST RECEIVED: type = POST, key = largeBlobKey-3438608
2017-04-14 03:01:52,305 - BlobStoreLogger - INFO - Thread-1 - REQUEST RECEIVED: type = POST, key = largeBlobKey-3438609
2017-04-14 03:01:52,322 - BlobStoreLogger - INFO - Thread-1 - REQUEST RECEIVED: type = POST, key = largeBlobKey-3438610
2017-04-14 03:01:52,341 - BlobStoreLogger - INFO - Thread-1 - REQUEST RECEIVED: type = POST, key = largeBlobKey-3438611
2017-04-14 03:01:52,364 - BlobStoreLogger - INFO - Thread-1 - REQUEST RECEIVED: type = POST, key = largeBlobKey-3438612
2017-04-14 03:01:52,386 - BlobStoreLogger - INFO - Thread-1 - REQUEST RECEIVED: type = POST, key = largeBlobKey-3438613
2017-04-14 03:01:52,403 - BlobStoreLogger - INFO - Thread-1 - REQUEST RECEIVED: type = POST, key = largeBlobKey-3438614
2017-04-14 03:01:52,755 - BlobStoreLogger - INFO - Thread-1 - REQUEST RECEIVED: type = POST, key = largeBlobKey-3438615
2017-04-14 03:01:52,778 - BlobStoreLogger - INFO - Thread-1 - REQUEST RECEIVED: type = POST, key = largeBlobKey-3438616
2017-04-14 03:01:52,812 - BlobStoreLogger - INFO - Thread-1 - REQUEST RECEIVED: type = POST, key = largeBlobKey-3438617
2017-04-14 03:01:52,836 - BlobStoreLogger - INFO - Thread-1 - REQUEST RECEIVED: type = POST, key = largeBlobKey-3438618
2017-04-14 03:01:52,854 - BlobStoreLogger - INFO - Thread-1 - REQUEST RECEIVED: type = POST, key = largeBlobKey-3438619
2017-04-14 03:01:52,877 - BlobStoreLogger - INFO - Thread-1 - REQUEST RECEIVED: type = POST, key = largeBlobKey-3438620
2017-04-14 03:01:52,895 - BlobStoreLogger - INFO - Thread-1 - REQUEST RECEIVED: type = POST, key = largeBlobKey-3438621
2017-04-14 03:01:52,912 - BlobStoreLogger - INFO - Thread-1 - REQUEST RECEIVED: type = POST, key = largeBlobKey-3438622
2017-04-14 03:01:52,930 - BlobStoreLogger - INFO - Thread-1 - REQUEST RECEIVED: type = POST, key = largeBlobKey-3438623
2017-04-14 03:01:52,947 - BlobStoreLogger - INFO - Thread-1 - REQUEST RECEIVED: type = POST, key = largeBlobKey-3438624
2017-04-14 03:02:04,317 - BlobStoreLogger - INFO - Thread-1 - REQUEST RECEIVED: type = GET, key = largeBlobKey-3438755
2017-04-14 03:02:04,337 - BlobStoreLogger - INFO - Thread-1 - REQUEST RECEIVED: type = POST, key = largeBlobKey-3438755
2017-04-14 03:02:04,371 - BlobStoreLogger - INFO - Thread-1 - REQUEST RECEIVED: type = POST, key = largeBlobKey-3438756
2017-04-14 03:02:04,399 - BlobStoreLogger - INFO - Thread-1 - REQUEST RECEIVED: type = POST, key = largeBlobKey-3438757
2017-04-14 03:02:04,430 - BlobStoreLogger - INFO - Thread-1 - REQUEST RECEIVED: type = POST, key = largeBlobKey-3438758
2017-04-14 03:02:04,464 - BlobStoreLogger - INFO - Thread-1 - REQUEST RECEIVED: type = POST, key = largeBlobKey-3438759
2017-04-14 03:02:04,500 - BlobStoreLogger - INFO - Thread-1 - REQUEST RECEIVED: type = POST, key = largeBlobKey-3438760
2017-04-14 03:02:04,535 - BlobStoreLogger - INFO - Thread-1 - REQUEST RECEIVED: type = POST, key = largeBlobKey-3438761
2017-04-14 03:02:04,572 - BlobStoreLogger - INFO - Thread-1 - REQUEST RECEIVED: type = POST, key = largeBlobKey-3438762
2017-04-14 03:02:04,608 - BlobStoreLogger - INFO - Thread-1 - REQUEST RECEIVED: type = POST, key = largeBlobKey-3438763
2017-04-14 03:02:04,648 - BlobStoreLogger - INFO - Thread-1 - REQUEST RECEIVED: type = POST, key = largeBlobKey-3438764
2017-04-14 03:02:04,865 - BlobStoreLogger - INFO - Thread-1 - REQUEST RECEIVED: type = POST, key = largeBlobKey-3438765
2017-04-14 03:02:04,892 - BlobStoreLogger - INFO - Thread-1 - REQUEST RECEIVED: type = POST, key = largeBlobKey-3438766
2017-04-14 03:02:04,922 - BlobStoreLogger - INFO - Thread-1 - REQUEST RECEIVED: type = POST, key = largeBlobKey-3438767
2017-04-14 03:02:04,956 - BlobStoreLogger - INFO - Thread-1 - REQUEST RECEIVED: type = POST, key = largeBlobKey-3438768
2017-04-14 03:02:04,992 - BlobStoreLogger - INFO - Thread-1 - REQUEST RECEIVED: type = POST, key = largeBlobKey-3438769
2017-04-14 03:02:05,031 - BlobStoreLogger - INFO - Thread-1 - REQUEST RECEIVED: type = POST, key = largeBlobKey-3438770
2017-04-14 03:02:05,067 - BlobStoreLogger - INFO - Thread-1 - REQUEST RECEIVED: type = POST, key = largeBlobKey-3438771
2017-04-14 03:02:05,103 - BlobStoreLogger - INFO - Thread-1 - REQUEST RECEIVED: type = POST, key = largeBlobKey-3438772
2017-04-14 03:02:05,143 - BlobStoreLogger - INFO - Thread-1 - REQUEST RECEIVED: type = POST, key = largeBlobKey-3438773
2017-04-14 03:02:05,177 - BlobStoreLogger - INFO - Thread-1 - REQUEST RECEIVED: type = POST, key = largeBlobKey-3438774
2017-04-14 03:02:19,374 - BlobStoreLogger - INFO - Thread-1 - REQUEST RECEIVED: type = GET, key = largeBlobKey-3438913
2017-04-14 03:02:19,397 - BlobStoreLogger - INFO - Thread-1 - REQUEST RECEIVED: type = POST, key = largeBlobKey-3438914
2017-04-14 03:02:19,419 - BlobStoreLogger - INFO - Thread-1 - REQUEST RECEIVED: type = POST, key = largeBlobKey-3438915
2017-04-14 03:02:19,440 - BlobStoreLogger - INFO - Thread-1 - REQUEST RECEIVED: type = POST, key = largeBlobKey-3438916
2017-04-14 03:02:19,462 - BlobStoreLogger - INFO - Thread-1 - REQUEST RECEIVED: type = POST, key = largeBlobKey-3438917
2017-04-14 03:02:19,482 - BlobStoreLogger - INFO - Thread-1 - REQUEST RECEIVED: type = POST, key = largeBlobKey-3438918
2017-04-14 03:02:19,503 - BlobStoreLogger - INFO - Thread-1 - REQUEST RECEIVED: type = POST, key = largeBlobKey-3438919
2017-04-14 03:02:19,525 - BlobStoreLogger - INFO - Thread-1 - REQUEST RECEIVED: type = POST, key = largeBlobKey-3438920
2017-04-14 03:02:19,552 - BlobStoreLogger - INFO - Thread-1 - REQUEST RECEIVED: type = POST, key = largeBlobKey-3438921
2017-04-14 03:02:19,575 - BlobStoreLogger - INFO - Thread-1 - REQUEST RECEIVED: type = POST, key = largeBlobKey-3438922
2017-04-14 03:02:19,904 - BlobStoreLogger - INFO - Thread-1 - REQUEST RECEIVED: type = POST, key = largeBlobKey-3438923
2017-04-14 03:02:19,929 - BlobStoreLogger - INFO - Thread-1 - REQUEST RECEIVED: type = POST, key = largeBlobKey-3438924
2017-04-14 03:02:19,953 - BlobStoreLogger - INFO - Thread-1 - REQUEST RECEIVED: type = POST, key = largeBlobKey-3438925
2017-04-14 03:02:19,977 - BlobStoreLogger - INFO - Thread-1 - REQUEST RECEIVED: type = POST, key = largeBlobKey-3438926
2017-04-14 03:02:20,005 - BlobStoreLogger - INFO - Thread-1 - REQUEST RECEIVED: type = POST, key = largeBlobKey-3438927
2017-04-14 03:02:20,026 - BlobStoreLogger - INFO - Thread-1 - REQUEST RECEIVED: type = POST, key = largeBlobKey-3438928
2017-04-14 03:02:20,050 - BlobStoreLogger - INFO - Thread-1 - REQUEST RECEIVED: type = POST, key = largeBlobKey-3438929
2017-04-14 03:02:20,071 - BlobStoreLogger - INFO - Thread-1 - REQUEST RECEIVED: type = POST, key = largeBlobKey-3438930
2017-04-14 03:02:20,092 - BlobStoreLogger - INFO - Thread-1 - REQUEST RECEIVED: type = POST, key = largeBlobKey-3438931
2017-04-14 03:02:20,112 - BlobStoreLogger - INFO - Thread-1 - REQUEST RECEIVED: type = POST, key = largeBlobKey-3438932
2017-04-14 03:02:28,402 - BlobStoreLogger - INFO - Thread-1 - REQUEST RECEIVED: type = GET, key = largeBlobKey-3439007
2017-04-14 03:02:28,420 - BlobStoreLogger - INFO - Thread-1 - REQUEST RECEIVED: type = POST, key = largeBlobKey-3439008
2017-04-14 03:02:28,439 - BlobStoreLogger - INFO - Thread-1 - REQUEST RECEIVED: type = POST, key = largeBlobKey-3439009
2017-04-14 03:02:28,458 - BlobStoreLogger - INFO - Thread-1 - REQUEST RECEIVED: type = POST, key = largeBlobKey-3439010
2017-04-14 03:02:28,482 - BlobStoreLogger - INFO - Thread-1 - REQUEST RECEIVED: type = POST, key = largeBlobKey-3439011
2017-04-14 03:02:28,504 - BlobStoreLogger - INFO - Thread-1 - REQUEST RECEIVED: type = POST, key = largeBlobKey-3439012
2017-04-14 03:02:28,524 - BlobStoreLogger - INFO - Thread-1 - REQUEST RECEIVED: type = POST, key = largeBlobKey-3439013
2017-04-14 03:02:28,542 - BlobStoreLogger - INFO - Thread-1 - REQUEST RECEIVED: type = POST, key = largeBlobKey-3439014
2017-04-14 03:02:28,560 - BlobStoreLogger - INFO - Thread-1 - REQUEST RECEIVED: type = POST, key = largeBlobKey-3439015
2017-04-14 03:02:28,579 - BlobStoreLogger - INFO - Thread-1 - REQUEST RECEIVED: type = POST, key = largeBlobKey-3439016
2017-04-14 03:02:28,920 - BlobStoreLogger - INFO - Thread-1 - REQUEST RECEIVED: type = POST, key = largeBlobKey-3439017
2017-04-14 03:02:28,945 - BlobStoreLogger - INFO - Thread-1 - REQUEST RECEIVED: type = POST, key = largeBlobKey-3439018
2017-04-14 03:02:28,963 - BlobStoreLogger - INFO - Thread-1 - REQUEST RECEIVED: type = POST, key = largeBlobKey-3439019
2017-04-14 03:02:28,985 - BlobStoreLogger - INFO - Thread-1 - REQUEST RECEIVED: type = POST, key = largeBlobKey-3439020
2017-04-14 03:02:29,007 - BlobStoreLogger - INFO - Thread-1 - REQUEST RECEIVED: type = POST, key = largeBlobKey-3439021
2017-04-14 03:02:29,028 - BlobStoreLogger - INFO - Thread-1 - REQUEST RECEIVED: type = POST, key = largeBlobKey-3439022
2017-04-14 03:02:29,048 - BlobStoreLogger - INFO - Thread-1 - REQUEST RECEIVED: type = POST, key = largeBlobKey-3439023
2017-04-14 03:02:29,067 - BlobStoreLogger - INFO - Thread-1 - REQUEST RECEIVED: type = POST, key = largeBlobKey-3439024
2017-04-14 03:02:29,085 - BlobStoreLogger - INFO - Thread-1 - REQUEST RECEIVED: type = POST, key = largeBlobKey-3439025
2017-04-14 03:02:29,106 - BlobStoreLogger - INFO - Thread-1 - REQUEST RECEIVED: type = POST, key = largeBlobKey-3439026
2017-04-14 03:02:37,449 - BlobStoreLogger - INFO - Thread-1 - REQUEST RECEIVED: type = GET, key = largeBlobKey-3439099
2017-04-14 03:02:37,474 - BlobStoreLogger - INFO - Thread-1 - REQUEST RECEIVED: type = POST, key = largeBlobKey-3439100
2017-04-14 03:02:37,498 - BlobStoreLogger - INFO - Thread-1 - REQUEST RECEIVED: type = POST, key = largeBlobKey-3439101
2017-04-14 03:07:17,810 - BlobStoreLogger - INFO - Thread-1 - REQUEST RECEIVED: type = GET, key = counterKey-7491989
2017-04-14 03:07:17,826 - BlobStoreLogger - INFO - Thread-1 - REQUEST RECEIVED: type = PUT, key = counterKey-7491989
2017-04-14 03:07:17,847 - BlobStoreLogger - INFO - Thread-1 - REQUEST RECEIVED: type = GET, key = counterKey-7491989
2017-04-14 03:07:17,857 - BlobStoreLogger - INFO - Thread-1 - REQUEST RECEIVED: type = PUT, key = counterKey-7491989
2017-04-14 03:07:17,878 - BlobStoreLogger - INFO - Thread-1 - REQUEST RECEIVED: type = GET, key = counterKey-7491989
2017-04-14 03:07:17,889 - BlobStoreLogger - INFO - Thread-1 - REQUEST RECEIVED: type = PUT, key = counterKey-7491989
2017-04-14 03:07:17,906 - BlobStoreLogger - INFO - Thread-1 - REQUEST RECEIVED: type = GET, key = counterKey-7491989
2017-04-14 03:07:17,915 - BlobStoreLogger - INFO - Thread-1 - REQUEST RECEIVED: type = PUT, key = counterKey-7491989
2017-04-14 03:07:17,935 - BlobStoreLogger - INFO - Thread-1 - REQUEST RECEIVED: type = GET, key = counterKey-7491989
2017-04-14 03:07:17,946 - BlobStoreLogger - INFO - Thread-1 - REQUEST RECEIVED: type = PUT, key = counterKey-7491989
2017-04-14 03:07:17,965 - BlobStoreLogger - INFO - Thread-1 - REQUEST RECEIVED: type = GET, key = counterKey-7491989
2017-04-14 03:07:17,976 - BlobStoreLogger - INFO - Thread-1 - REQUEST RECEIVED: type = PUT, key = counterKey-7491989
2017-04-14 03:07:18,002 - BlobStoreLogger - INFO - Thread-1 - REQUEST RECEIVED: type = GET, key = counterKey-7491989
2017-04-14 03:07:18,013 - BlobStoreLogger - INFO - Thread-1 - REQUEST RECEIVED: type = PUT, key = counterKey-7491989
2017-04-14 03:07:18,033 - BlobStoreLogger - INFO - Thread-1 - REQUEST RECEIVED: type = GET, key = counterKey-7491989
2017-04-14 03:07:18,042 - BlobStoreLogger - INFO - Thread-1 - REQUEST RECEIVED: type = PUT, key = counterKey-7491989
2017-04-14 03:07:18,060 - BlobStoreLogger - INFO - Thread-1 - REQUEST RECEIVED: type = GET, key = counterKey-7491989
2017-04-14 03:07:18,070 - BlobStoreLogger - INFO - Thread-1 - REQUEST RECEIVED: type = PUT, key = counterKey-7491989
2017-04-14 03:07:18,091 - BlobStoreLogger - INFO - Thread-1 - REQUEST RECEIVED: type = GET, key = counterKey-7491989
2017-04-14 03:07:18,102 - BlobStoreLogger - INFO - Thread-1 - REQUEST RECEIVED: type = PUT, key = counterKey-7491989
2017-04-14 03:07:18,119 - BlobStoreLogger - INFO - Thread-1 - REQUEST RECEIVED: type = GET, key = counterKey-7491989
2017-04-14 03:07:18,126 - BlobStoreLogger - INFO - Thread-1 - REQUEST RECEIVED: type = PUT, key = counterKey-7491989
2017-04-14 03:07:18,140 - BlobStoreLogger - INFO - Thread-1 - REQUEST RECEIVED: type = GET, key = counterKey-7491989
2017-04-14 03:07:18,148 - BlobStoreLogger - INFO - Thread-1 - REQUEST RECEIVED: type = PUT, key = counterKey-7491989
2017-04-14 03:07:18,162 - BlobStoreLogger - INFO - Thread-1 - REQUEST RECEIVED: type = GET, key = counterKey-7491989
2017-04-14 03:07:18,169 - BlobStoreLogger - INFO - Thread-1 - REQUEST RECEIVED: type = PUT, key = counterKey-7491989
2017-04-14 03:07:18,189 - BlobStoreLogger - INFO - Thread-1 - REQUEST RECEIVED: type = GET, key = counterKey-7491989
2017-04-14 03:07:18,197 - BlobStoreLogger - INFO - Thread-1 - REQUEST RECEIVED: type = PUT, key = counterKey-7491989
2017-04-14 03:07:18,212 - BlobStoreLogger - INFO - Thread-1 - REQUEST RECEIVED: type = GET, key = counterKey-7491989
2017-04-14 03:07:18,220 - BlobStoreLogger - INFO - Thread-1 - REQUEST RECEIVED: type = PUT, key = counterKey-7491989
2017-04-14 03:07:18,237 - BlobStoreLogger - INFO - Thread-1 - REQUEST RECEIVED: type = GET, key = counterKey-7491989
2017-04-14 03:07:18,247 - BlobStoreLogger - INFO - Thread-1 - REQUEST RECEIVED: type = PUT, key = counterKey-7491989
2017-04-14 03:07:18,264 - BlobStoreLogger - INFO - Thread-1 - REQUEST RECEIVED: type = GET, key = counterKey-7491989
2017-04-14 03:07:18,272 - BlobStoreLogger - INFO - Thread-1 - REQUEST RECEIVED: type = PUT, key = counterKey-7491989
2017-04-14 03:07:18,286 - BlobStoreLogger - INFO - Thread-1 - REQUEST RECEIVED: type = GET, key = counterKey-7491989
2017-04-14 03:07:18,295 - BlobStoreLogger - INFO - Thread-1 - REQUEST RECEIVED: type = PUT, key = counterKey-7491989
2017-04-14 03:07:18,311 - BlobStoreLogger - INFO - Thread-1 - REQUEST RECEIVED: type = GET, key = counterKey-7491989
2017-04-14 03:07:18,321 - BlobStoreLogger - INFO - Thread-1 - REQUEST RECEIVED: type = PUT, key = counterKey-7491989
2017-04-14 03:07:18,336 - BlobStoreLogger - INFO - Thread-1 - REQUEST RECEIVED: type = GET, key = counterKey-7491989
2017-04-14 03:07:18,346 - BlobStoreLogger - INFO - Thread-1 - REQUEST RECEIVED: type = PUT, key = counterKey-7491989
2017-04-14 03:07:18,364 - BlobStoreLogger - INFO - Thread-1 - REQUEST RECEIVED: type = GET, key = counterKey-7491989
2017-04-14 03:07:18,377 - BlobStoreLogger - INFO - Thread-1 - REQUEST RECEIVED: type = PUT, key = counterKey-7491989
2017-04-14 03:07:18,398 - BlobStoreLogger - INFO - Thread-1 - REQUEST RECEIVED: type = GET, key = counterKey-7491989
2017-04-14 03:07:18,406 - BlobStoreLogger - INFO - Thread-1 - REQUEST RECEIVED: type = PUT, key = counterKey-7491989
2017-04-14 03:07:18,425 - BlobStoreLogger - INFO - Thread-1 - REQUEST RECEIVED: type = GET, key = counterKey-7491989
2017-04-14 03:07:18,435 - BlobStoreLogger - INFO - Thread-1 - REQUEST RECEIVED: type = PUT, key = counterKey-7491989
2017-04-14 03:07:18,454 - BlobStoreLogger - INFO - Thread-1 - REQUEST RECEIVED: type = GET, key = counterKey-7491989
2017-04-14 03:07:18,465 - BlobStoreLogger - INFO - Thread-1 - REQUEST RECEIVED: type = PUT, key = counterKey-7491989
2017-04-14 03:07:18,484 - BlobStoreLogger - INFO - Thread-1 - REQUEST RECEIVED: type = GET, key = counterKey-7491989
2017-04-14 03:07:18,493 - BlobStoreLogger - INFO - Thread-1 - REQUEST RECEIVED: type = PUT, key = counterKey-7491989
2017-04-14 03:07:18,512 - BlobStoreLogger - INFO - Thread-1 - REQUEST RECEIVED: type = GET, key = counterKey-7491989
2017-04-14 03:07:18,523 - BlobStoreLogger - INFO - Thread-1 - REQUEST RECEIVED: type = PUT, key = counterKey-7491989
2017-04-14 03:07:18,542 - BlobStoreLogger - INFO - Thread-1 - REQUEST RECEIVED: type = GET, key = counterKey-7491989
2017-04-14 03:07:18,552 - BlobStoreLogger - INFO - Thread-1 - REQUEST RECEIVED: type = PUT, key = counterKey-7491989
2017-04-14 03:07:18,571 - BlobStoreLogger - INFO - Thread-1 - REQUEST RECEIVED: type = GET, key = counterKey-7491989
2017-04-14 03:07:18,580 - BlobStoreLogger - INFO - Thread-1 - REQUEST RECEIVED: type = PUT, key = counterKey-7491989
2017-04-14 03:07:18,597 - BlobStoreLogger - INFO - Thread-1 - REQUEST RECEIVED: type = GET, key = counterKey-7491989
2017-04-14 03:07:18,606 - BlobStoreLogger - INFO - Thread-1 - REQUEST RECEIVED: type = PUT, key = counterKey-7491989
2017-04-14 03:07:18,622 - BlobStoreLogger - INFO - Thread-1 - REQUEST RECEIVED: type = GET, key = counterKey-7491989
2017-04-14 03:07:18,632 - BlobStoreLogger - INFO - Thread-1 - REQUEST RECEIVED: type = PUT, key = counterKey-7491989
2017-04-14 03:07:18,649 - BlobStoreLogger - INFO - Thread-1 - REQUEST RECEIVED: type = GET, key = counterKey-7491989
2017-04-14 03:07:18,658 - BlobStoreLogger - INFO - Thread-1 - REQUEST RECEIVED: type = PUT, key = counterKey-7491989
2017-04-14 03:07:18,678 - BlobStoreLogger - INFO - Thread-1 - REQUEST RECEIVED: type = GET, key = counterKey-7491989
2017-04-14 03:07:18,689 - BlobStoreLogger - INFO - Thread-1 - REQUEST RECEIVED: type = PUT, key = counterKey-7491989
2017-04-14 03:07:18,711 - BlobStoreLogger - INFO - Thread-1 - REQUEST RECEIVED: type = GET, key = counterKey-7491989
2017-04-14 03:07:18,722 - BlobStoreLogger - INFO - Thread-1 - REQUEST RECEIVED: type = PUT, key = counterKey-7491989
2017-04-14 03:07:18,744 - BlobStoreLogger - INFO - Thread-1 - REQUEST RECEIVED: type = GET, key = counterKey-7491989
2017-04-14 03:07:18,753 - BlobStoreLogger - INFO - Thread-1 - REQUEST RECEIVED: type = PUT, key = counterKey-7491989
2017-04-14 03:07:18,778 - BlobStoreLogger - INFO - Thread-1 - REQUEST RECEIVED: type = GET, key = counterKey-7491989
2017-04-14 03:07:26,869 - BlobStoreLogger - INFO - Thread-1 - REQUEST RECEIVED: type = GET, key = counterKey-7491989
2017-04-14 03:07:26,890 - BlobStoreLogger - INFO - Thread-1 - REQUEST RECEIVED: type = PUT, key = counterKey-7491989
2017-04-14 03:07:26,908 - BlobStoreLogger - INFO - Thread-1 - REQUEST RECEIVED: type = GET, key = counterKey-7491989
2017-04-14 03:07:26,922 - BlobStoreLogger - INFO - Thread-1 - REQUEST RECEIVED: type = PUT, key = counterKey-7491989
2017-04-14 03:07:26,938 - BlobStoreLogger - INFO - Thread-1 - REQUEST RECEIVED: type = GET, key = counterKey-7491989
2017-04-14 03:07:26,950 - BlobStoreLogger - INFO - Thread-1 - REQUEST RECEIVED: type = PUT, key = counterKey-7491989
2017-04-14 03:07:26,969 - BlobStoreLogger - INFO - Thread-1 - REQUEST RECEIVED: type = GET, key = counterKey-7491989
2017-04-14 03:07:26,981 - BlobStoreLogger - INFO - Thread-1 - REQUEST RECEIVED: type = PUT, key = counterKey-7491989
2017-04-14 03:07:27,003 - BlobStoreLogger - INFO - Thread-1 - REQUEST RECEIVED: type = GET, key = counterKey-7491989
2017-04-14 03:07:27,014 - BlobStoreLogger - INFO - Thread-1 - REQUEST RECEIVED: type = PUT, key = counterKey-7491989
2017-04-14 03:07:27,032 - BlobStoreLogger - INFO - Thread-1 - REQUEST RECEIVED: type = GET, key = counterKey-7491989
2017-04-14 03:07:27,045 - BlobStoreLogger - INFO - Thread-1 - REQUEST RECEIVED: type = PUT, key = counterKey-7491989
2017-04-14 03:07:27,063 - BlobStoreLogger - INFO - Thread-1 - REQUEST RECEIVED: type = GET, key = counterKey-7491989
2017-04-14 03:07:27,074 - BlobStoreLogger - INFO - Thread-1 - REQUEST RECEIVED: type = PUT, key = counterKey-7491989
2017-04-14 03:07:27,096 - BlobStoreLogger - INFO - Thread-1 - REQUEST RECEIVED: type = GET, key = counterKey-7491989
2017-04-14 03:07:27,109 - BlobStoreLogger - INFO - Thread-1 - REQUEST RECEIVED: type = PUT, key = counterKey-7491989
2017-04-14 03:07:27,127 - BlobStoreLogger - INFO - Thread-1 - REQUEST RECEIVED: type = GET, key = counterKey-7491989
2017-04-14 03:07:27,140 - BlobStoreLogger - INFO - Thread-1 - REQUEST RECEIVED: type = PUT, key = counterKey-7491989
2017-04-14 03:07:27,159 - BlobStoreLogger - INFO - Thread-1 - REQUEST RECEIVED: type = GET, key = counterKey-7491989
2017-04-14 03:07:27,170 - BlobStoreLogger - INFO - Thread-1 - REQUEST RECEIVED: type = PUT, key = counterKey-7491989
2017-04-14 03:07:27,195 - BlobStoreLogger - INFO - Thread-1 - REQUEST RECEIVED: type = GET, key = counterKey-7491989
2017-04-14 03:07:27,209 - BlobStoreLogger - INFO - Thread-1 - REQUEST RECEIVED: type = PUT, key = counterKey-7491989
2017-04-14 03:07:27,227 - BlobStoreLogger - INFO - Thread-1 - REQUEST RECEIVED: type = GET, key = counterKey-7491989
2017-04-14 03:07:27,239 - BlobStoreLogger - INFO - Thread-1 - REQUEST RECEIVED: type = PUT, key = counterKey-7491989
2017-04-14 03:07:27,256 - BlobStoreLogger - INFO - Thread-1 - REQUEST RECEIVED: type = GET, key = counterKey-7491989
2017-04-14 03:07:27,262 - BlobStoreLogger - INFO - Thread-1 - REQUEST RECEIVED: type = PUT, key = counterKey-7491989
2017-04-14 03:07:27,277 - BlobStoreLogger - INFO - Thread-1 - REQUEST RECEIVED: type = GET, key = counterKey-7491989
2017-04-14 03:07:27,284 - BlobStoreLogger - INFO - Thread-1 - REQUEST RECEIVED: type = PUT, key = counterKey-7491989
2017-04-14 03:07:27,297 - BlobStoreLogger - INFO - Thread-1 - REQUEST RECEIVED: type = GET, key = counterKey-7491989
2017-04-14 03:07:27,305 - BlobStoreLogger - INFO - Thread-1 - REQUEST RECEIVED: type = PUT, key = counterKey-7491989
2017-04-14 03:07:27,318 - BlobStoreLogger - INFO - Thread-1 - REQUEST RECEIVED: type = GET, key = counterKey-7491989
2017-04-14 03:07:27,326 - BlobStoreLogger - INFO - Thread-1 - REQUEST RECEIVED: type = PUT, key = counterKey-7491989
2017-04-14 03:07:27,340 - BlobStoreLogger - INFO - Thread-1 - REQUEST RECEIVED: type = GET, key = counterKey-7491989
2017-04-14 03:07:27,347 - BlobStoreLogger - INFO - Thread-1 - REQUEST RECEIVED: type = PUT, key = counterKey-7491989
2017-04-14 03:07:27,360 - BlobStoreLogger - INFO - Thread-1 - REQUEST RECEIVED: type = GET, key = counterKey-7491989
2017-04-14 03:07:27,370 - BlobStoreLogger - INFO - Thread-1 - REQUEST RECEIVED: type = PUT, key = counterKey-7491989
2017-04-14 03:07:27,386 - BlobStoreLogger - INFO - Thread-1 - REQUEST RECEIVED: type = GET, key = counterKey-7491989
2017-04-14 03:07:27,393 - BlobStoreLogger - INFO - Thread-1 - REQUEST RECEIVED: type = PUT, key = counterKey-7491989
2017-04-14 03:07:27,410 - BlobStoreLogger - INFO - Thread-1 - REQUEST RECEIVED: type = GET, key = counterKey-7491989
2017-04-14 03:07:27,418 - BlobStoreLogger - INFO - Thread-1 - REQUEST RECEIVED: type = PUT, key = counterKey-7491989
2017-04-14 03:07:27,431 - BlobStoreLogger - INFO - Thread-1 - REQUEST RECEIVED: type = GET, key = counterKey-7491989
2017-04-14 03:07:27,438 - BlobStoreLogger - INFO - Thread-1 - REQUEST RECEIVED: type = PUT, key = counterKey-7491989
2017-04-14 03:07:27,454 - BlobStoreLogger - INFO - Thread-1 - REQUEST RECEIVED: type = GET, key = counterKey-7491989
2017-04-14 03:07:27,461 - BlobStoreLogger - INFO - Thread-1 - REQUEST RECEIVED: type = PUT, key = counterKey-7491989
2017-04-14 03:07:27,475 - BlobStoreLogger - INFO - Thread-1 - REQUEST RECEIVED: type = GET, key = counterKey-7491989
2017-04-14 03:07:27,482 - BlobStoreLogger - INFO - Thread-1 - REQUEST RECEIVED: type = PUT, key = counterKey-7491989
2017-04-14 03:07:27,495 - BlobStoreLogger - INFO - Thread-1 - REQUEST RECEIVED: type = GET, key = counterKey-7491989
2017-04-14 03:07:27,503 - BlobStoreLogger - INFO - Thread-1 - REQUEST RECEIVED: type = PUT, key = counterKey-7491989
2017-04-14 03:07:27,519 - BlobStoreLogger - INFO - Thread-1 - REQUEST RECEIVED: type = GET, key = counterKey-7491989
2017-04-14 03:07:27,529 - BlobStoreLogger - INFO - Thread-1 - REQUEST RECEIVED: type = PUT, key = counterKey-7491989
2017-04-14 03:07:27,544 - BlobStoreLogger - INFO - Thread-1 - REQUEST RECEIVED: type = GET, key = counterKey-7491989
2017-04-14 03:07:27,551 - BlobStoreLogger - INFO - Thread-1 - REQUEST RECEIVED: type = PUT, key = counterKey-7491989
2017-04-14 03:07:27,565 - BlobStoreLogger - INFO - Thread-1 - REQUEST RECEIVED: type = GET, key = counterKey-7491989
2017-04-14 03:07:27,572 - BlobStoreLogger - INFO - Thread-1 - REQUEST RECEIVED: type = PUT, key = counterKey-7491989
2017-04-14 03:07:27,585 - BlobStoreLogger - INFO - Thread-1 - REQUEST RECEIVED: type = GET, key = counterKey-7491989
2017-04-14 03:07:27,592 - BlobStoreLogger - INFO - Thread-1 - REQUEST RECEIVED: type = PUT, key = counterKey-7491989
2017-04-14 03:07:27,606 - BlobStoreLogger - INFO - Thread-1 - REQUEST RECEIVED: type = GET, key = counterKey-7491989
2017-04-14 03:07:27,613 - BlobStoreLogger - INFO - Thread-1 - REQUEST RECEIVED: type = PUT, key = counterKey-7491989
2017-04-14 03:07:27,626 - BlobStoreLogger - INFO - Thread-1 - REQUEST RECEIVED: type = GET, key = counterKey-7491989
2017-04-14 03:07:27,642 - BlobStoreLogger - INFO - Thread-1 - REQUEST RECEIVED: type = PUT, key = counterKey-7491989
2017-04-14 03:07:27,658 - BlobStoreLogger - INFO - Thread-1 - REQUEST RECEIVED: type = GET, key = counterKey-7491989
2017-04-14 03:07:27,669 - BlobStoreLogger - INFO - Thread-1 - REQUEST RECEIVED: type = PUT, key = counterKey-7491989
2017-04-14 03:07:27,687 - BlobStoreLogger - INFO - Thread-1 - REQUEST RECEIVED: type = GET, key = counterKey-7491989
2017-04-14 03:07:27,698 - BlobStoreLogger - INFO - Thread-1 - REQUEST RECEIVED: type = PUT, key = counterKey-7491989
2017-04-14 03:07:27,719 - BlobStoreLogger - INFO - Thread-1 - REQUEST RECEIVED: type = GET, key = counterKey-7491989
2017-04-14 03:07:27,730 - BlobStoreLogger - INFO - Thread-1 - REQUEST RECEIVED: type = PUT, key = counterKey-7491989
2017-04-14 03:07:27,751 - BlobStoreLogger - INFO - Thread-1 - REQUEST RECEIVED: type = GET, key = counterKey-7491989
2017-04-14 03:07:27,761 - BlobStoreLogger - INFO - Thread-1 - REQUEST RECEIVED: type = PUT, key = counterKey-7491989
2017-04-14 03:07:27,779 - BlobStoreLogger - INFO - Thread-1 - REQUEST RECEIVED: type = GET, key = counterKey-7491989
2017-04-14 03:07:27,789 - BlobStoreLogger - INFO - Thread-1 - REQUEST RECEIVED: type = PUT, key = counterKey-7491989
2017-04-14 03:07:27,807 - BlobStoreLogger - INFO - Thread-1 - REQUEST RECEIVED: type = GET, key = counterKey-7491989
2017-04-14 03:07:27,820 - BlobStoreLogger - INFO - Thread-1 - REQUEST RECEIVED: type = PUT, key = counterKey-7491989
2017-04-14 03:07:27,843 - BlobStoreLogger - INFO - Thread-1 - REQUEST RECEIVED: type = GET, key = counterKey-7491989
2017-04-14 03:07:27,860 - BlobStoreLogger - INFO - Thread-1 - REQUEST RECEIVED: type = PUT, key = counterKey-7491989
2017-04-14 03:07:38,990 - BlobStoreLogger - INFO - Thread-1 - REQUEST RECEIVED: type = PUT, key = counterKey-7491989
2017-04-14 03:07:39,010 - BlobStoreLogger - INFO - Thread-1 - REQUEST RECEIVED: type = GET, key = counterKey-7491989
2017-04-14 03:07:39,018 - BlobStoreLogger - INFO - Thread-1 - REQUEST RECEIVED: type = PUT, key = counterKey-7491989
2017-04-14 03:07:39,033 - BlobStoreLogger - INFO - Thread-1 - REQUEST RECEIVED: type = GET, key = counterKey-7491989
2017-04-14 03:07:39,041 - BlobStoreLogger - INFO - Thread-1 - REQUEST RECEIVED: type = PUT, key = counterKey-7491989
2017-04-14 03:07:39,058 - BlobStoreLogger - INFO - Thread-1 - REQUEST RECEIVED: type = GET, key = counterKey-7491989
2017-04-14 03:07:39,067 - BlobStoreLogger - INFO - Thread-1 - REQUEST RECEIVED: type = PUT, key = counterKey-7491989
2017-04-14 03:07:39,081 - BlobStoreLogger - INFO - Thread-1 - REQUEST RECEIVED: type = GET, key = counterKey-7491989
2017-04-14 03:07:39,088 - BlobStoreLogger - INFO - Thread-1 - REQUEST RECEIVED: type = PUT, key = counterKey-7491989
2017-04-14 03:07:39,104 - BlobStoreLogger - INFO - Thread-1 - REQUEST RECEIVED: type = GET, key = counterKey-7491989
2017-04-14 03:07:39,111 - BlobStoreLogger - INFO - Thread-1 - REQUEST RECEIVED: type = PUT, key = counterKey-7491989
2017-04-14 03:07:39,128 - BlobStoreLogger - INFO - Thread-1 - REQUEST RECEIVED: type = GET, key = counterKey-7491989
2017-04-14 03:07:39,135 - BlobStoreLogger - INFO - Thread-1 - REQUEST RECEIVED: type = PUT, key = counterKey-7491989
2017-04-14 03:07:39,151 - BlobStoreLogger - INFO - Thread-1 - REQUEST RECEIVED: type = GET, key = counterKey-7491989
2017-04-14 03:07:39,159 - BlobStoreLogger - INFO - Thread-1 - REQUEST RECEIVED: type = PUT, key = counterKey-7491989
2017-04-14 03:07:39,172 - BlobStoreLogger - INFO - Thread-1 - REQUEST RECEIVED: type = GET, key = counterKey-7491989
2017-04-14 03:07:39,179 - BlobStoreLogger - INFO - Thread-1 - REQUEST RECEIVED: type = PUT, key = counterKey-7491989
2017-04-14 03:07:39,196 - BlobStoreLogger - INFO - Thread-1 - REQUEST RECEIVED: type = GET, key = counterKey-7491989
2017-04-14 03:07:39,203 - BlobStoreLogger - INFO - Thread-1 - REQUEST RECEIVED: type = PUT, key = counterKey-7491989
2017-04-14 03:07:39,219 - BlobStoreLogger - INFO - Thread-1 - REQUEST RECEIVED: type = GET, key = counterKey-7491989
2017-04-14 03:07:39,226 - BlobStoreLogger - INFO - Thread-1 - REQUEST RECEIVED: type = PUT, key = counterKey-7491989
2017-04-14 03:07:39,241 - BlobStoreLogger - INFO - Thread-1 - REQUEST RECEIVED: type = GET, key = counterKey-7491989
2017-04-14 03:07:39,248 - BlobStoreLogger - INFO - Thread-1 - REQUEST RECEIVED: type = PUT, key = counterKey-7491989
2017-04-14 03:07:39,279 - BlobStoreLogger - INFO - Thread-1 - REQUEST RECEIVED: type = GET, key = counterKey-7491989
2017-04-14 03:07:39,286 - BlobStoreLogger - INFO - Thread-1 - REQUEST RECEIVED: type = PUT, key = counterKey-7491989
2017-04-14 03:07:39,302 - BlobStoreLogger - INFO - Thread-1 - REQUEST RECEIVED: type = GET, key = counterKey-7491989
2017-04-14 03:07:39,310 - BlobStoreLogger - INFO - Thread-1 - REQUEST RECEIVED: type = PUT, key = counterKey-7491989
2017-04-14 03:07:39,324 - BlobStoreLogger - INFO - Thread-1 - REQUEST RECEIVED: type = GET, key = counterKey-7491989
2017-04-14 03:07:39,332 - BlobStoreLogger - INFO - Thread-1 - REQUEST RECEIVED: type = PUT, key = counterKey-7491989
2017-04-14 03:07:39,346 - BlobStoreLogger - INFO - Thread-1 - REQUEST RECEIVED: type = GET, key = counterKey-7491989
2017-04-14 03:07:39,353 - BlobStoreLogger - INFO - Thread-1 - REQUEST RECEIVED: type = PUT, key = counterKey-7491989
2017-04-14 03:07:39,368 - BlobStoreLogger - INFO - Thread-1 - REQUEST RECEIVED: type = GET, key = counterKey-7491989
2017-04-14 03:07:39,376 - BlobStoreLogger - INFO - Thread-1 - REQUEST RECEIVED: type = PUT, key = counterKey-7491989
2017-04-14 03:07:39,391 - BlobStoreLogger - INFO - Thread-1 - REQUEST RECEIVED: type = GET, key = counterKey-7491989
2017-04-14 03:07:39,399 - BlobStoreLogger - INFO - Thread-1 - REQUEST RECEIVED: type = PUT, key = counterKey-7491989
2017-04-14 03:07:39,415 - BlobStoreLogger - INFO - Thread-1 - REQUEST RECEIVED: type = GET, key = counterKey-7491989
2017-04-14 03:07:39,422 - BlobStoreLogger - INFO - Thread-1 - REQUEST RECEIVED: type = PUT, key = counterKey-7491989
2017-04-14 03:07:39,437 - BlobStoreLogger - INFO - Thread-1 - REQUEST RECEIVED: type = GET, key = counterKey-7491989
2017-04-14 03:07:39,444 - BlobStoreLogger - INFO - Thread-1 - REQUEST RECEIVED: type = PUT, key = counterKey-7491989
2017-04-14 03:07:39,457 - BlobStoreLogger - INFO - Thread-1 - REQUEST RECEIVED: type = GET, key = counterKey-7491989
2017-04-14 03:07:39,465 - BlobStoreLogger - INFO - Thread-1 - REQUEST RECEIVED: type = PUT, key = counterKey-7491989
2017-04-14 03:07:39,480 - BlobStoreLogger - INFO - Thread-1 - REQUEST RECEIVED: type = GET, key = counterKey-7491989
2017-04-14 03:07:39,487 - BlobStoreLogger - INFO - Thread-1 - REQUEST RECEIVED: type = PUT, key = counterKey-7491989
2017-04-14 03:07:39,501 - BlobStoreLogger - INFO - Thread-1 - REQUEST RECEIVED: type = GET, key = counterKey-7491989
2017-04-14 03:07:39,509 - BlobStoreLogger - INFO - Thread-1 - REQUEST RECEIVED: type = PUT, key = counterKey-7491989
2017-04-14 03:07:39,523 - BlobStoreLogger - INFO - Thread-1 - REQUEST RECEIVED: type = GET, key = counterKey-7491989
2017-04-14 03:07:39,530 - BlobStoreLogger - INFO - Thread-1 - REQUEST RECEIVED: type = PUT, key = counterKey-7491989
2017-04-14 03:07:39,543 - BlobStoreLogger - INFO - Thread-1 - REQUEST RECEIVED: type = GET, key = counterKey-7491989
2017-04-14 03:07:39,550 - BlobStoreLogger - INFO - Thread-1 - REQUEST RECEIVED: type = PUT, key = counterKey-7491989
2017-04-14 03:07:39,564 - BlobStoreLogger - INFO - Thread-1 - REQUEST RECEIVED: type = GET, key = counterKey-7491989
2017-04-14 03:07:39,571 - BlobStoreLogger - INFO - Thread-1 - REQUEST RECEIVED: type = PUT, key = counterKey-7491989
2017-04-14 03:07:39,585 - BlobStoreLogger - INFO - Thread-1 - REQUEST RECEIVED: type = GET, key = counterKey-7491989
2017-04-14 03:07:39,592 - BlobStoreLogger - INFO - Thread-1 - REQUEST RECEIVED: type = PUT, key = counterKey-7491989
2017-04-14 03:07:39,608 - BlobStoreLogger - INFO - Thread-1 - REQUEST RECEIVED: type = GET, key = counterKey-7491989
2017-04-14 03:07:39,615 - BlobStoreLogger - INFO - Thread-1 - REQUEST RECEIVED: type = PUT, key = counterKey-7491989
2017-04-14 03:07:39,631 - BlobStoreLogger - INFO - Thread-1 - REQUEST RECEIVED: type = GET, key = counterKey-7491989
2017-04-14 03:07:39,638 - BlobStoreLogger - INFO - Thread-1 - REQUEST RECEIVED: type = PUT, key = counterKey-7491989
2017-04-14 03:07:39,657 - BlobStoreLogger - INFO - Thread-1 - REQUEST RECEIVED: type = GET, key = counterKey-7491989
2017-04-14 03:07:39,663 - BlobStoreLogger - INFO - Thread-1 - REQUEST RECEIVED: type = PUT, key = counterKey-7491989
2017-04-14 03:07:39,676 - BlobStoreLogger - INFO - Thread-1 - REQUEST RECEIVED: type = GET, key = counterKey-7491989
2017-04-14 03:07:39,683 - BlobStoreLogger - INFO - Thread-1 - REQUEST RECEIVED: type = PUT, key = counterKey-7491989
2017-04-14 03:07:39,697 - BlobStoreLogger - INFO - Thread-1 - REQUEST RECEIVED: type = GET, key = counterKey-7491989
2017-04-14 03:07:39,704 - BlobStoreLogger - INFO - Thread-1 - REQUEST RECEIVED: type = PUT, key = counterKey-7491989
2017-04-14 03:07:39,718 - BlobStoreLogger - INFO - Thread-1 - REQUEST RECEIVED: type = GET, key = counterKey-7491989
2017-04-14 03:07:39,725 - BlobStoreLogger - INFO - Thread-1 - REQUEST RECEIVED: type = PUT, key = counterKey-7491989
2017-04-14 03:07:39,740 - BlobStoreLogger - INFO - Thread-1 - REQUEST RECEIVED: type = GET, key = counterKey-7491989
2017-04-14 03:07:39,747 - BlobStoreLogger - INFO - Thread-1 - REQUEST RECEIVED: type = PUT, key = counterKey-7491989
2017-04-14 03:07:39,764 - BlobStoreLogger - INFO - Thread-1 - REQUEST RECEIVED: type = GET, key = counterKey-7491989
2017-04-14 03:07:39,771 - BlobStoreLogger - INFO - Thread-1 - REQUEST RECEIVED: type = PUT, key = counterKey-7491989
2017-04-14 03:07:39,785 - BlobStoreLogger - INFO - Thread-1 - REQUEST RECEIVED: type = GET, key = counterKey-7491989
2017-04-14 03:07:39,792 - BlobStoreLogger - INFO - Thread-1 - REQUEST RECEIVED: type = PUT, key = counterKey-7491989
2017-04-14 03:07:39,807 - BlobStoreLogger - INFO - Thread-1 - REQUEST RECEIVED: type = GET, key = counterKey-7491989
2017-04-14 03:07:39,814 - BlobStoreLogger - INFO - Thread-1 - REQUEST RECEIVED: type = PUT, key = counterKey-7491989
2017-04-14 03:07:39,827 - BlobStoreLogger - INFO - Thread-1 - REQUEST RECEIVED: type = GET, key = counterKey-7491989
2017-04-14 03:07:39,834 - BlobStoreLogger - INFO - Thread-1 - REQUEST RECEIVED: type = PUT, key = counterKey-7491989
2017-04-14 03:07:39,850 - BlobStoreLogger - INFO - Thread-1 - REQUEST RECEIVED: type = GET, key = counterKey-7491989
2017-04-14 03:07:39,856 - BlobStoreLogger - INFO - Thread-1 - REQUEST RECEIVED: type = PUT, key = counterKey-7491989
2017-04-14 03:07:39,871 - BlobStoreLogger - INFO - Thread-1 - REQUEST RECEIVED: type = GET, key = counterKey-7491989
2017-04-14 03:07:39,877 - BlobStoreLogger - INFO - Thread-1 - REQUEST RECEIVED: type = PUT, key = counterKey-7491989
2017-04-14 03:07:39,894 - BlobStoreLogger - INFO - Thread-1 - REQUEST RECEIVED: type = GET, key = counterKey-7491989
2017-04-14 03:07:39,903 - BlobStoreLogger - INFO - Thread-1 - REQUEST RECEIVED: type = PUT, key = counterKey-7491989
2017-04-14 03:07:39,919 - BlobStoreLogger - INFO - Thread-1 - REQUEST RECEIVED: type = GET, key = counterKey-7491989
2017-04-14 03:07:39,926 - BlobStoreLogger - INFO - Thread-1 - REQUEST RECEIVED: type = PUT, key = counterKey-7491989
2017-04-14 03:07:39,943 - BlobStoreLogger - INFO - Thread-1 - REQUEST RECEIVED: type = GET, key = counterKey-7491989
2017-04-14 03:07:39,958 - BlobStoreLogger - INFO - Thread-1 - REQUEST RECEIVED: type = PUT, key = counterKey-7491989
2017-04-14 03:07:39,983 - BlobStoreLogger - INFO - Thread-1 - REQUEST RECEIVED: type = GET, key = counterKey-7491989
2017-04-14 03:07:48,060 - BlobStoreLogger - INFO - Thread-1 - REQUEST RECEIVED: type = PUT, key = counterKey-7491989
2017-04-14 03:07:48,079 - BlobStoreLogger - INFO - Thread-1 - REQUEST RECEIVED: type = GET, key = counterKey-7491989
2017-04-14 03:07:48,086 - BlobStoreLogger - INFO - Thread-1 - REQUEST RECEIVED: type = PUT, key = counterKey-7491989
2017-04-14 03:07:48,101 - BlobStoreLogger - INFO - Thread-1 - REQUEST RECEIVED: type = GET, key = counterKey-7491989
2017-04-14 03:07:48,108 - BlobStoreLogger - INFO - Thread-1 - REQUEST RECEIVED: type = PUT, key = counterKey-7491989
2017-04-14 03:07:48,123 - BlobStoreLogger - INFO - Thread-1 - REQUEST RECEIVED: type = GET, key = counterKey-7491989
2017-04-14 03:07:48,131 - BlobStoreLogger - INFO - Thread-1 - REQUEST RECEIVED: type = PUT, key = counterKey-7491989
2017-04-14 03:07:48,146 - BlobStoreLogger - INFO - Thread-1 - REQUEST RECEIVED: type = GET, key = counterKey-7491989
2017-04-14 03:07:48,154 - BlobStoreLogger - INFO - Thread-1 - REQUEST RECEIVED: type = PUT, key = counterKey-7491989
2017-04-14 03:07:48,170 - BlobStoreLogger - INFO - Thread-1 - REQUEST RECEIVED: type = GET, key = counterKey-7491989
2017-04-14 03:07:48,180 - BlobStoreLogger - INFO - Thread-1 - REQUEST RECEIVED: type = PUT, key = counterKey-7491989
2017-04-14 03:07:48,197 - BlobStoreLogger - INFO - Thread-1 - REQUEST RECEIVED: type = GET, key = counterKey-7491989
2017-04-14 03:07:48,205 - BlobStoreLogger - INFO - Thread-1 - REQUEST RECEIVED: type = PUT, key = counterKey-7491989
2017-04-14 03:07:48,222 - BlobStoreLogger - INFO - Thread-1 - REQUEST RECEIVED: type = GET, key = counterKey-7491989
2017-04-14 03:07:48,231 - BlobStoreLogger - INFO - Thread-1 - REQUEST RECEIVED: type = PUT, key = counterKey-7491989
2017-04-14 03:07:48,254 - BlobStoreLogger - INFO - Thread-1 - REQUEST RECEIVED: type = GET, key = counterKey-7491989
2017-04-14 03:07:48,260 - BlobStoreLogger - INFO - Thread-1 - REQUEST RECEIVED: type = PUT, key = counterKey-7491989
2017-04-14 03:07:48,275 - BlobStoreLogger - INFO - Thread-1 - REQUEST RECEIVED: type = GET, key = counterKey-7491989
2017-04-14 03:07:48,282 - BlobStoreLogger - INFO - Thread-1 - REQUEST RECEIVED: type = PUT, key = counterKey-7491989
2017-04-14 03:07:48,299 - BlobStoreLogger - INFO - Thread-1 - REQUEST RECEIVED: type = GET, key = counterKey-7491989
2017-04-14 03:07:48,308 - BlobStoreLogger - INFO - Thread-1 - REQUEST RECEIVED: type = PUT, key = counterKey-7491989
2017-04-14 03:07:48,325 - BlobStoreLogger - INFO - Thread-1 - REQUEST RECEIVED: type = GET, key = counterKey-7491989
2017-04-14 03:07:48,332 - BlobStoreLogger - INFO - Thread-1 - REQUEST RECEIVED: type = PUT, key = counterKey-7491989
2017-04-14 03:07:48,346 - BlobStoreLogger - INFO - Thread-1 - REQUEST RECEIVED: type = GET, key = counterKey-7491989
2017-04-14 03:07:48,354 - BlobStoreLogger - INFO - Thread-1 - REQUEST RECEIVED: type = PUT, key = counterKey-7491989
2017-04-14 03:07:48,367 - BlobStoreLogger - INFO - Thread-1 - REQUEST RECEIVED: type = GET, key = counterKey-7491989
2017-04-14 03:07:48,375 - BlobStoreLogger - INFO - Thread-1 - REQUEST RECEIVED: type = PUT, key = counterKey-7491989
2017-04-14 03:07:48,390 - BlobStoreLogger - INFO - Thread-1 - REQUEST RECEIVED: type = GET, key = counterKey-7491989
2017-04-14 03:07:48,398 - BlobStoreLogger - INFO - Thread-1 - REQUEST RECEIVED: type = PUT, key = counterKey-7491989
2017-04-14 03:07:48,416 - BlobStoreLogger - INFO - Thread-1 - REQUEST RECEIVED: type = GET, key = counterKey-7491989
2017-04-14 03:07:48,423 - BlobStoreLogger - INFO - Thread-1 - REQUEST RECEIVED: type = PUT, key = counterKey-7491989
2017-04-14 03:07:48,438 - BlobStoreLogger - INFO - Thread-1 - REQUEST RECEIVED: type = GET, key = counterKey-7491989
2017-04-14 03:07:48,446 - BlobStoreLogger - INFO - Thread-1 - REQUEST RECEIVED: type = PUT, key = counterKey-7491989
2017-04-14 03:07:48,461 - BlobStoreLogger - INFO - Thread-1 - REQUEST RECEIVED: type = GET, key = counterKey-7491989
2017-04-14 03:07:48,469 - BlobStoreLogger - INFO - Thread-1 - REQUEST RECEIVED: type = PUT, key = counterKey-7491989
2017-04-14 03:07:48,492 - BlobStoreLogger - INFO - Thread-1 - REQUEST RECEIVED: type = GET, key = counterKey-7491989
2017-04-14 03:07:48,499 - BlobStoreLogger - INFO - Thread-1 - REQUEST RECEIVED: type = PUT, key = counterKey-7491989
2017-04-14 03:07:48,514 - BlobStoreLogger - INFO - Thread-1 - REQUEST RECEIVED: type = GET, key = counterKey-7491989
2017-04-14 03:07:48,522 - BlobStoreLogger - INFO - Thread-1 - REQUEST RECEIVED: type = PUT, key = counterKey-7491989
2017-04-14 03:07:48,538 - BlobStoreLogger - INFO - Thread-1 - REQUEST RECEIVED: type = GET, key = counterKey-7491989
2017-04-14 03:07:48,545 - BlobStoreLogger - INFO - Thread-1 - REQUEST RECEIVED: type = PUT, key = counterKey-7491989
2017-04-14 03:07:48,565 - BlobStoreLogger - INFO - Thread-1 - REQUEST RECEIVED: type = GET, key = counterKey-7491989
2017-04-14 03:07:48,575 - BlobStoreLogger - INFO - Thread-1 - REQUEST RECEIVED: type = PUT, key = counterKey-7491989
2017-04-14 03:07:48,598 - BlobStoreLogger - INFO - Thread-1 - REQUEST RECEIVED: type = GET, key = counterKey-7491989
2017-04-14 03:07:48,606 - BlobStoreLogger - INFO - Thread-1 - REQUEST RECEIVED: type = PUT, key = counterKey-7491989
2017-04-14 03:07:48,632 - BlobStoreLogger - INFO - Thread-1 - REQUEST RECEIVED: type = GET, key = counterKey-7491989
2017-04-14 03:07:48,639 - BlobStoreLogger - INFO - Thread-1 - REQUEST RECEIVED: type = PUT, key = counterKey-7491989
2017-04-14 03:07:48,666 - BlobStoreLogger - INFO - Thread-1 - REQUEST RECEIVED: type = GET, key = counterKey-7491989
2017-04-14 03:07:48,673 - BlobStoreLogger - INFO - Thread-1 - REQUEST RECEIVED: type = PUT, key = counterKey-7491989
2017-04-14 03:07:48,694 - BlobStoreLogger - INFO - Thread-1 - REQUEST RECEIVED: type = GET, key = counterKey-7491989
2017-04-14 03:07:48,702 - BlobStoreLogger - INFO - Thread-1 - REQUEST RECEIVED: type = PUT, key = counterKey-7491989
2017-04-14 03:07:48,720 - BlobStoreLogger - INFO - Thread-1 - REQUEST RECEIVED: type = GET, key = counterKey-7491989
2017-04-14 03:07:48,727 - BlobStoreLogger - INFO - Thread-1 - REQUEST RECEIVED: type = PUT, key = counterKey-7491989
2017-04-14 03:07:48,745 - BlobStoreLogger - INFO - Thread-1 - REQUEST RECEIVED: type = GET, key = counterKey-7491989
2017-04-14 03:07:48,751 - BlobStoreLogger - INFO - Thread-1 - REQUEST RECEIVED: type = PUT, key = counterKey-7491989
2017-04-14 03:07:48,767 - BlobStoreLogger - INFO - Thread-1 - REQUEST RECEIVED: type = GET, key = counterKey-7491989
2017-04-14 03:07:48,777 - BlobStoreLogger - INFO - Thread-1 - REQUEST RECEIVED: type = PUT, key = counterKey-7491989
2017-04-14 03:07:48,793 - BlobStoreLogger - INFO - Thread-1 - REQUEST RECEIVED: type = GET, key = counterKey-7491989
2017-04-14 03:07:48,799 - BlobStoreLogger - INFO - Thread-1 - REQUEST RECEIVED: type = PUT, key = counterKey-7491989
2017-04-14 03:07:48,814 - BlobStoreLogger - INFO - Thread-1 - REQUEST RECEIVED: type = GET, key = counterKey-7491989
2017-04-14 03:07:48,821 - BlobStoreLogger - INFO - Thread-1 - REQUEST RECEIVED: type = PUT, key = counterKey-7491989
2017-04-14 03:07:48,837 - BlobStoreLogger - INFO - Thread-1 - REQUEST RECEIVED: type = GET, key = counterKey-7491989
2017-04-14 03:07:48,844 - BlobStoreLogger - INFO - Thread-1 - REQUEST RECEIVED: type = PUT, key = counterKey-7491989
2017-04-14 03:07:48,861 - BlobStoreLogger - INFO - Thread-1 - REQUEST RECEIVED: type = GET, key = counterKey-7491989
2017-04-14 03:07:48,867 - BlobStoreLogger - INFO - Thread-1 - REQUEST RECEIVED: type = PUT, key = counterKey-7491989
2017-04-14 03:07:48,882 - BlobStoreLogger - INFO - Thread-1 - REQUEST RECEIVED: type = GET, key = counterKey-7491989
2017-04-14 03:07:48,889 - BlobStoreLogger - INFO - Thread-1 - REQUEST RECEIVED: type = PUT, key = counterKey-7491989
2017-04-14 03:07:48,904 - BlobStoreLogger - INFO - Thread-1 - REQUEST RECEIVED: type = GET, key = counterKey-7491989
2017-04-14 03:07:48,915 - BlobStoreLogger - INFO - Thread-1 - REQUEST RECEIVED: type = PUT, key = counterKey-7491989
2017-04-14 03:07:48,930 - BlobStoreLogger - INFO - Thread-1 - REQUEST RECEIVED: type = GET, key = counterKey-7491989
2017-04-14 03:07:48,936 - BlobStoreLogger - INFO - Thread-1 - REQUEST RECEIVED: type = PUT, key = counterKey-7491989
2017-04-14 03:07:48,952 - BlobStoreLogger - INFO - Thread-1 - REQUEST RECEIVED: type = GET, key = counterKey-7491989
2017-04-14 03:07:48,958 - BlobStoreLogger - INFO - Thread-1 - REQUEST RECEIVED: type = PUT, key = counterKey-7491989
2017-04-14 03:07:48,970 - BlobStoreLogger - INFO - Thread-1 - REQUEST RECEIVED: type = GET, key = counterKey-7491989
2017-04-14 03:07:48,977 - BlobStoreLogger - INFO - Thread-1 - REQUEST RECEIVED: type = PUT, key = counterKey-7491989
2017-04-14 03:07:48,990 - BlobStoreLogger - INFO - Thread-1 - REQUEST RECEIVED: type = GET, key = counterKey-7491989
2017-04-14 03:07:48,996 - BlobStoreLogger - INFO - Thread-1 - REQUEST RECEIVED: type = PUT, key = counterKey-7491989
2017-04-14 03:07:49,010 - BlobStoreLogger - INFO - Thread-1 - REQUEST RECEIVED: type = GET, key = counterKey-7491989
2017-04-14 03:07:49,017 - BlobStoreLogger - INFO - Thread-1 - REQUEST RECEIVED: type = PUT, key = counterKey-7491989
2017-04-14 03:07:49,047 - BlobStoreLogger - INFO - Thread-1 - REQUEST RECEIVED: type = GET, key = counterKey-7491989
2017-04-14 03:07:57,110 - BlobStoreLogger - INFO - Thread-1 - REQUEST RECEIVED: type = GET, key = counterKey-7491989
2017-04-14 03:07:57,119 - BlobStoreLogger - INFO - Thread-1 - REQUEST RECEIVED: type = PUT, key = counterKey-7491989
2017-04-14 03:07:57,135 - BlobStoreLogger - INFO - Thread-1 - REQUEST RECEIVED: type = GET, key = counterKey-7491989
2017-04-14 03:07:57,142 - BlobStoreLogger - INFO - Thread-1 - REQUEST RECEIVED: type = PUT, key = counterKey-7491989
2017-04-14 03:07:57,158 - BlobStoreLogger - INFO - Thread-1 - REQUEST RECEIVED: type = GET, key = counterKey-7491989
2017-04-14 03:07:57,166 - BlobStoreLogger - INFO - Thread-1 - REQUEST RECEIVED: type = PUT, key = counterKey-7491989
2017-04-14 03:07:57,181 - BlobStoreLogger - INFO - Thread-1 - REQUEST RECEIVED: type = GET, key = counterKey-7491989
2017-04-14 03:07:57,188 - BlobStoreLogger - INFO - Thread-1 - REQUEST RECEIVED: type = PUT, key = counterKey-7491989
2017-04-14 03:07:57,205 - BlobStoreLogger - INFO - Thread-1 - REQUEST RECEIVED: type = GET, key = counterKey-7491989
2017-04-14 03:07:57,213 - BlobStoreLogger - INFO - Thread-1 - REQUEST RECEIVED: type = PUT, key = counterKey-7491989
2017-04-14 03:07:57,229 - BlobStoreLogger - INFO - Thread-1 - REQUEST RECEIVED: type = GET, key = counterKey-7491989
2017-04-14 03:07:57,238 - BlobStoreLogger - INFO - Thread-1 - REQUEST RECEIVED: type = PUT, key = counterKey-7491989
2017-04-14 03:07:57,253 - BlobStoreLogger - INFO - Thread-1 - REQUEST RECEIVED: type = GET, key = counterKey-7491989
2017-04-14 03:07:57,261 - BlobStoreLogger - INFO - Thread-1 - REQUEST RECEIVED: type = PUT, key = counterKey-7491989
2017-04-14 03:07:57,276 - BlobStoreLogger - INFO - Thread-1 - REQUEST RECEIVED: type = GET, key = counterKey-7491989
2017-04-14 03:07:57,282 - BlobStoreLogger - INFO - Thread-1 - REQUEST RECEIVED: type = PUT, key = counterKey-7491989
2017-04-14 03:07:57,296 - BlobStoreLogger - INFO - Thread-1 - REQUEST RECEIVED: type = GET, key = counterKey-7491989
2017-04-14 03:07:57,304 - BlobStoreLogger - INFO - Thread-1 - REQUEST RECEIVED: type = PUT, key = counterKey-7491989
2017-04-14 03:07:57,318 - BlobStoreLogger - INFO - Thread-1 - REQUEST RECEIVED: type = GET, key = counterKey-7491989
2017-04-14 03:07:57,328 - BlobStoreLogger - INFO - Thread-1 - REQUEST RECEIVED: type = PUT, key = counterKey-7491989
2017-04-14 03:07:57,348 - BlobStoreLogger - INFO - Thread-1 - REQUEST RECEIVED: type = GET, key = counterKey-7491989
2017-04-14 03:07:57,356 - BlobStoreLogger - INFO - Thread-1 - REQUEST RECEIVED: type = PUT, key = counterKey-7491989
2017-04-14 03:07:57,372 - BlobStoreLogger - INFO - Thread-1 - REQUEST RECEIVED: type = GET, key = counterKey-7491989
2017-04-14 03:07:57,380 - BlobStoreLogger - INFO - Thread-1 - REQUEST RECEIVED: type = PUT, key = counterKey-7491989
2017-04-14 03:07:57,400 - BlobStoreLogger - INFO - Thread-1 - REQUEST RECEIVED: type = GET, key = counterKey-7491989
2017-04-14 03:07:57,408 - BlobStoreLogger - INFO - Thread-1 - REQUEST RECEIVED: type = PUT, key = counterKey-7491989
2017-04-14 03:07:57,425 - BlobStoreLogger - INFO - Thread-1 - REQUEST RECEIVED: type = GET, key = counterKey-7491989
2017-04-14 03:07:57,432 - BlobStoreLogger - INFO - Thread-1 - REQUEST RECEIVED: type = PUT, key = counterKey-7491989
2017-04-14 03:07:57,448 - BlobStoreLogger - INFO - Thread-1 - REQUEST RECEIVED: type = GET, key = counterKey-7491989
2017-04-14 03:07:57,458 - BlobStoreLogger - INFO - Thread-1 - REQUEST RECEIVED: type = PUT, key = counterKey-7491989
2017-04-14 03:07:57,476 - BlobStoreLogger - INFO - Thread-1 - REQUEST RECEIVED: type = GET, key = counterKey-7491989
2017-04-14 03:07:57,483 - BlobStoreLogger - INFO - Thread-1 - REQUEST RECEIVED: type = PUT, key = counterKey-7491989
2017-04-14 03:07:57,497 - BlobStoreLogger - INFO - Thread-1 - REQUEST RECEIVED: type = GET, key = counterKey-7491989
2017-04-14 03:07:57,504 - BlobStoreLogger - INFO - Thread-1 - REQUEST RECEIVED: type = PUT, key = counterKey-7491989
2017-04-14 03:07:57,520 - BlobStoreLogger - INFO - Thread-1 - REQUEST RECEIVED: type = GET, key = counterKey-7491989
2017-04-14 03:07:57,530 - BlobStoreLogger - INFO - Thread-1 - REQUEST RECEIVED: type = PUT, key = counterKey-7491989
2017-04-14 03:07:57,548 - BlobStoreLogger - INFO - Thread-1 - REQUEST RECEIVED: type = GET, key = counterKey-7491989
2017-04-14 03:07:57,558 - BlobStoreLogger - INFO - Thread-1 - REQUEST RECEIVED: type = PUT, key = counterKey-7491989
2017-04-14 03:07:57,578 - BlobStoreLogger - INFO - Thread-1 - REQUEST RECEIVED: type = GET, key = counterKey-7491989
2017-04-14 03:07:57,588 - BlobStoreLogger - INFO - Thread-1 - REQUEST RECEIVED: type = PUT, key = counterKey-7491989
2017-04-14 03:07:57,623 - BlobStoreLogger - INFO - Thread-1 - REQUEST RECEIVED: type = GET, key = counterKey-7491989
2017-04-14 03:07:57,632 - BlobStoreLogger - INFO - Thread-1 - REQUEST RECEIVED: type = PUT, key = counterKey-7491989
2017-04-14 03:07:57,650 - BlobStoreLogger - INFO - Thread-1 - REQUEST RECEIVED: type = GET, key = counterKey-7491989
2017-04-14 03:07:57,658 - BlobStoreLogger - INFO - Thread-1 - REQUEST RECEIVED: type = PUT, key = counterKey-7491989
2017-04-14 03:07:57,674 - BlobStoreLogger - INFO - Thread-1 - REQUEST RECEIVED: type = GET, key = counterKey-7491989
2017-04-14 03:07:57,683 - BlobStoreLogger - INFO - Thread-1 - REQUEST RECEIVED: type = PUT, key = counterKey-7491989
2017-04-14 03:07:57,700 - BlobStoreLogger - INFO - Thread-1 - REQUEST RECEIVED: type = GET, key = counterKey-7491989
2017-04-14 03:07:57,709 - BlobStoreLogger - INFO - Thread-1 - REQUEST RECEIVED: type = PUT, key = counterKey-7491989
2017-04-14 03:07:57,723 - BlobStoreLogger - INFO - Thread-1 - REQUEST RECEIVED: type = GET, key = counterKey-7491989
2017-04-14 03:07:57,730 - BlobStoreLogger - INFO - Thread-1 - REQUEST RECEIVED: type = PUT, key = counterKey-7491989
2017-04-14 03:07:57,746 - BlobStoreLogger - INFO - Thread-1 - REQUEST RECEIVED: type = GET, key = counterKey-7491989
2017-04-14 03:07:57,755 - BlobStoreLogger - INFO - Thread-1 - REQUEST RECEIVED: type = PUT, key = counterKey-7491989
2017-04-14 03:07:57,770 - BlobStoreLogger - INFO - Thread-1 - REQUEST RECEIVED: type = GET, key = counterKey-7491989
2017-04-14 03:07:57,778 - BlobStoreLogger - INFO - Thread-1 - REQUEST RECEIVED: type = PUT, key = counterKey-7491989
2017-04-14 03:07:57,793 - BlobStoreLogger - INFO - Thread-1 - REQUEST RECEIVED: type = GET, key = counterKey-7491989
2017-04-14 03:07:57,801 - BlobStoreLogger - INFO - Thread-1 - REQUEST RECEIVED: type = PUT, key = counterKey-7491989
2017-04-14 03:07:57,819 - BlobStoreLogger - INFO - Thread-1 - REQUEST RECEIVED: type = GET, key = counterKey-7491989
2017-04-14 03:07:57,826 - BlobStoreLogger - INFO - Thread-1 - REQUEST RECEIVED: type = PUT, key = counterKey-7491989
2017-04-14 03:07:57,841 - BlobStoreLogger - INFO - Thread-1 - REQUEST RECEIVED: type = GET, key = counterKey-7491989
2017-04-14 03:07:57,849 - BlobStoreLogger - INFO - Thread-1 - REQUEST RECEIVED: type = PUT, key = counterKey-7491989
2017-04-14 03:07:57,864 - BlobStoreLogger - INFO - Thread-1 - REQUEST RECEIVED: type = GET, key = counterKey-7491989
2017-04-14 03:07:57,872 - BlobStoreLogger - INFO - Thread-1 - REQUEST RECEIVED: type = PUT, key = counterKey-7491989
2017-04-14 03:07:57,886 - BlobStoreLogger - INFO - Thread-1 - REQUEST RECEIVED: type = GET, key = counterKey-7491989
2017-04-14 03:07:57,893 - BlobStoreLogger - INFO - Thread-1 - REQUEST RECEIVED: type = PUT, key = counterKey-7491989
2017-04-14 03:07:57,907 - BlobStoreLogger - INFO - Thread-1 - REQUEST RECEIVED: type = GET, key = counterKey-7491989
2017-04-14 03:07:57,917 - BlobStoreLogger - INFO - Thread-1 - REQUEST RECEIVED: type = PUT, key = counterKey-7491989
2017-04-14 03:07:57,932 - BlobStoreLogger - INFO - Thread-1 - REQUEST RECEIVED: type = GET, key = counterKey-7491989
2017-04-14 03:07:57,941 - BlobStoreLogger - INFO - Thread-1 - REQUEST RECEIVED: type = PUT, key = counterKey-7491989
2017-04-14 03:07:57,957 - BlobStoreLogger - INFO - Thread-1 - REQUEST RECEIVED: type = GET, key = counterKey-7491989
2017-04-14 03:07:57,966 - BlobStoreLogger - INFO - Thread-1 - REQUEST RECEIVED: type = PUT, key = counterKey-7491989
2017-04-14 03:07:57,980 - BlobStoreLogger - INFO - Thread-1 - REQUEST RECEIVED: type = GET, key = counterKey-7491989
2017-04-14 03:07:57,990 - BlobStoreLogger - INFO - Thread-1 - REQUEST RECEIVED: type = PUT, key = counterKey-7491989
2017-04-14 03:07:58,009 - BlobStoreLogger - INFO - Thread-1 - REQUEST RECEIVED: type = GET, key = counterKey-7491989
2017-04-14 03:07:58,018 - BlobStoreLogger - INFO - Thread-1 - REQUEST RECEIVED: type = PUT, key = counterKey-7491989
2017-04-14 03:07:58,035 - BlobStoreLogger - INFO - Thread-1 - REQUEST RECEIVED: type = GET, key = counterKey-7491989
2017-04-14 03:07:58,043 - BlobStoreLogger - INFO - Thread-1 - REQUEST RECEIVED: type = PUT, key = counterKey-7491989
2017-04-14 03:07:58,064 - BlobStoreLogger - INFO - Thread-1 - REQUEST RECEIVED: type = GET, key = counterKey-7491989
2017-04-14 03:07:58,072 - BlobStoreLogger - INFO - Thread-1 - REQUEST RECEIVED: type = PUT, key = counterKey-7491989
2017-04-14 03:07:58,091 - BlobStoreLogger - INFO - Thread-1 - REQUEST RECEIVED: type = GET, key = counterKey-7491989
2017-04-14 03:07:58,115 - BlobStoreLogger - INFO - Thread-1 - REQUEST RECEIVED: type = PUT, key = counterKey-7491989
2017-04-14 03:08:03,155 - BlobStoreLogger - INFO - Thread-1 - REQUEST RECEIVED: type = GET, key = counterKey-7491989
2017-04-14 03:08:03,166 - BlobStoreLogger - INFO - Thread-1 - REQUEST RECEIVED: type = PUT, key = counterKey-7491989
2017-04-14 03:08:03,183 - BlobStoreLogger - INFO - Thread-1 - REQUEST RECEIVED: type = GET, key = counterKey-7491989
2017-04-14 03:08:03,190 - BlobStoreLogger - INFO - Thread-1 - REQUEST RECEIVED: type = PUT, key = counterKey-7491989
2017-04-14 03:08:03,205 - BlobStoreLogger - INFO - Thread-1 - REQUEST RECEIVED: type = GET, key = counterKey-7491989
2017-04-14 03:08:03,214 - BlobStoreLogger - INFO - Thread-1 - REQUEST RECEIVED: type = PUT, key = counterKey-7491989
2017-04-14 03:08:03,232 - BlobStoreLogger - INFO - Thread-1 - REQUEST RECEIVED: type = GET, key = counterKey-7491989
2017-04-14 03:08:03,241 - BlobStoreLogger - INFO - Thread-1 - REQUEST RECEIVED: type = PUT, key = counterKey-7491989
2017-04-14 03:08:03,256 - BlobStoreLogger - INFO - Thread-1 - REQUEST RECEIVED: type = GET, key = counterKey-7491989
2017-04-14 03:08:03,264 - BlobStoreLogger - INFO - Thread-1 - REQUEST RECEIVED: type = PUT, key = counterKey-7491989
2017-04-14 03:08:03,280 - BlobStoreLogger - INFO - Thread-1 - REQUEST RECEIVED: type = GET, key = counterKey-7491989
2017-04-14 03:08:03,288 - BlobStoreLogger - INFO - Thread-1 - REQUEST RECEIVED: type = PUT, key = counterKey-7491989
2017-04-14 03:08:03,304 - BlobStoreLogger - INFO - Thread-1 - REQUEST RECEIVED: type = GET, key = counterKey-7491989
2017-04-14 03:08:03,313 - BlobStoreLogger - INFO - Thread-1 - REQUEST RECEIVED: type = PUT, key = counterKey-7491989
2017-04-14 03:08:03,328 - BlobStoreLogger - INFO - Thread-1 - REQUEST RECEIVED: type = GET, key = counterKey-7491989
2017-04-14 03:08:03,335 - BlobStoreLogger - INFO - Thread-1 - REQUEST RECEIVED: type = PUT, key = counterKey-7491989
2017-04-14 03:08:03,353 - BlobStoreLogger - INFO - Thread-1 - REQUEST RECEIVED: type = GET, key = counterKey-7491989
2017-04-14 03:08:03,360 - BlobStoreLogger - INFO - Thread-1 - REQUEST RECEIVED: type = PUT, key = counterKey-7491989
2017-04-14 03:08:03,375 - BlobStoreLogger - INFO - Thread-1 - REQUEST RECEIVED: type = GET, key = counterKey-7491989
2017-04-14 03:08:03,383 - BlobStoreLogger - INFO - Thread-1 - REQUEST RECEIVED: type = PUT, key = counterKey-7491989
2017-04-14 03:08:03,397 - BlobStoreLogger - INFO - Thread-1 - REQUEST RECEIVED: type = GET, key = counterKey-7491989
2017-04-14 03:08:03,405 - BlobStoreLogger - INFO - Thread-1 - REQUEST RECEIVED: type = PUT, key = counterKey-7491989
2017-04-14 03:08:03,421 - BlobStoreLogger - INFO - Thread-1 - REQUEST RECEIVED: type = GET, key = counterKey-7491989
2017-04-14 03:08:03,429 - BlobStoreLogger - INFO - Thread-1 - REQUEST RECEIVED: type = PUT, key = counterKey-7491989
2017-04-14 03:08:03,444 - BlobStoreLogger - INFO - Thread-1 - REQUEST RECEIVED: type = GET, key = counterKey-7491989
2017-04-14 03:08:03,451 - BlobStoreLogger - INFO - Thread-1 - REQUEST RECEIVED: type = PUT, key = counterKey-7491989
2017-04-14 03:08:03,466 - BlobStoreLogger - INFO - Thread-1 - REQUEST RECEIVED: type = GET, key = counterKey-7491989
2017-04-14 03:08:03,473 - BlobStoreLogger - INFO - Thread-1 - REQUEST RECEIVED: type = PUT, key = counterKey-7491989
2017-04-14 03:08:03,490 - BlobStoreLogger - INFO - Thread-1 - REQUEST RECEIVED: type = GET, key = counterKey-7491989
2017-04-14 03:08:03,498 - BlobStoreLogger - INFO - Thread-1 - REQUEST RECEIVED: type = PUT, key = counterKey-7491989
2017-04-14 03:08:03,513 - BlobStoreLogger - INFO - Thread-1 - REQUEST RECEIVED: type = GET, key = counterKey-7491989
2017-04-14 03:08:03,520 - BlobStoreLogger - INFO - Thread-1 - REQUEST RECEIVED: type = PUT, key = counterKey-7491989
2017-04-14 03:08:03,534 - BlobStoreLogger - INFO - Thread-1 - REQUEST RECEIVED: type = GET, key = counterKey-7491989
2017-04-14 03:08:03,541 - BlobStoreLogger - INFO - Thread-1 - REQUEST RECEIVED: type = PUT, key = counterKey-7491989
2017-04-14 03:08:03,559 - BlobStoreLogger - INFO - Thread-1 - REQUEST RECEIVED: type = GET, key = counterKey-7491989
2017-04-14 03:08:03,569 - BlobStoreLogger - INFO - Thread-1 - REQUEST RECEIVED: type = PUT, key = counterKey-7491989
2017-04-14 03:08:03,595 - BlobStoreLogger - INFO - Thread-1 - REQUEST RECEIVED: type = GET, key = counterKey-7491989
2017-04-14 03:08:03,603 - BlobStoreLogger - INFO - Thread-1 - REQUEST RECEIVED: type = PUT, key = counterKey-7491989
2017-04-14 03:08:03,622 - BlobStoreLogger - INFO - Thread-1 - REQUEST RECEIVED: type = GET, key = counterKey-7491989
2017-04-14 03:08:03,633 - BlobStoreLogger - INFO - Thread-1 - REQUEST RECEIVED: type = PUT, key = counterKey-7491989
2017-04-14 03:08:03,648 - BlobStoreLogger - INFO - Thread-1 - REQUEST RECEIVED: type = GET, key = counterKey-7491989
2017-04-14 03:08:03,656 - BlobStoreLogger - INFO - Thread-1 - REQUEST RECEIVED: type = PUT, key = counterKey-7491989
2017-04-14 03:08:03,672 - BlobStoreLogger - INFO - Thread-1 - REQUEST RECEIVED: type = GET, key = counterKey-7491989
2017-04-14 03:08:03,679 - BlobStoreLogger - INFO - Thread-1 - REQUEST RECEIVED: type = PUT, key = counterKey-7491989
2017-04-14 03:08:03,695 - BlobStoreLogger - INFO - Thread-1 - REQUEST RECEIVED: type = GET, key = counterKey-7491989
2017-04-14 03:08:03,704 - BlobStoreLogger - INFO - Thread-1 - REQUEST RECEIVED: type = PUT, key = counterKey-7491989
2017-04-14 03:08:03,720 - BlobStoreLogger - INFO - Thread-1 - REQUEST RECEIVED: type = GET, key = counterKey-7491989
2017-04-14 03:08:03,728 - BlobStoreLogger - INFO - Thread-1 - REQUEST RECEIVED: type = PUT, key = counterKey-7491989
2017-04-14 03:08:03,744 - BlobStoreLogger - INFO - Thread-1 - REQUEST RECEIVED: type = GET, key = counterKey-7491989
2017-04-14 03:08:03,752 - BlobStoreLogger - INFO - Thread-1 - REQUEST RECEIVED: type = PUT, key = counterKey-7491989
2017-04-14 03:08:03,767 - BlobStoreLogger - INFO - Thread-1 - REQUEST RECEIVED: type = GET, key = counterKey-7491989
2017-04-14 03:08:03,774 - BlobStoreLogger - INFO - Thread-1 - REQUEST RECEIVED: type = PUT, key = counterKey-7491989
2017-04-14 03:08:03,790 - BlobStoreLogger - INFO - Thread-1 - REQUEST RECEIVED: type = GET, key = counterKey-7491989
2017-04-14 03:08:03,798 - BlobStoreLogger - INFO - Thread-1 - REQUEST RECEIVED: type = PUT, key = counterKey-7491989
2017-04-14 03:08:03,816 - BlobStoreLogger - INFO - Thread-1 - REQUEST RECEIVED: type = GET, key = counterKey-7491989
2017-04-14 03:08:03,824 - BlobStoreLogger - INFO - Thread-1 - REQUEST RECEIVED: type = PUT, key = counterKey-7491989
2017-04-14 03:08:03,847 - BlobStoreLogger - INFO - Thread-1 - REQUEST RECEIVED: type = GET, key = counterKey-7491989
2017-04-14 03:08:03,854 - BlobStoreLogger - INFO - Thread-1 - REQUEST RECEIVED: type = PUT, key = counterKey-7491989
2017-04-14 03:08:03,875 - BlobStoreLogger - INFO - Thread-1 - REQUEST RECEIVED: type = GET, key = counterKey-7491989
2017-04-14 03:08:03,884 - BlobStoreLogger - INFO - Thread-1 - REQUEST RECEIVED: type = PUT, key = counterKey-7491989
2017-04-14 03:08:03,899 - BlobStoreLogger - INFO - Thread-1 - REQUEST RECEIVED: type = GET, key = counterKey-7491989
2017-04-14 03:08:03,907 - BlobStoreLogger - INFO - Thread-1 - REQUEST RECEIVED: type = PUT, key = counterKey-7491989
2017-04-14 03:08:03,922 - BlobStoreLogger - INFO - Thread-1 - REQUEST RECEIVED: type = GET, key = counterKey-7491989
2017-04-14 03:08:03,930 - BlobStoreLogger - INFO - Thread-1 - REQUEST RECEIVED: type = PUT, key = counterKey-7491989
2017-04-14 03:08:03,943 - BlobStoreLogger - INFO - Thread-1 - REQUEST RECEIVED: type = GET, key = counterKey-7491989
2017-04-14 03:08:03,951 - BlobStoreLogger - INFO - Thread-1 - REQUEST RECEIVED: type = PUT, key = counterKey-7491989
2017-04-14 03:08:03,964 - BlobStoreLogger - INFO - Thread-1 - REQUEST RECEIVED: type = GET, key = counterKey-7491989
2017-04-14 03:08:03,971 - BlobStoreLogger - INFO - Thread-1 - REQUEST RECEIVED: type = PUT, key = counterKey-7491989
2017-04-14 03:08:03,987 - BlobStoreLogger - INFO - Thread-1 - REQUEST RECEIVED: type = GET, key = counterKey-7491989
2017-04-14 03:08:03,995 - BlobStoreLogger - INFO - Thread-1 - REQUEST RECEIVED: type = PUT, key = counterKey-7491989
2017-04-14 03:08:04,011 - BlobStoreLogger - INFO - Thread-1 - REQUEST RECEIVED: type = GET, key = counterKey-7491989
2017-04-14 03:08:04,020 - BlobStoreLogger - INFO - Thread-1 - REQUEST RECEIVED: type = PUT, key = counterKey-7491989
2017-04-14 03:08:04,036 - BlobStoreLogger - INFO - Thread-1 - REQUEST RECEIVED: type = GET, key = counterKey-7491989
2017-04-14 03:08:04,043 - BlobStoreLogger - INFO - Thread-1 - REQUEST RECEIVED: type = PUT, key = counterKey-7491989
2017-04-14 03:08:04,061 - BlobStoreLogger - INFO - Thread-1 - REQUEST RECEIVED: type = GET, key = counterKey-7491989
2017-04-14 03:08:04,069 - BlobStoreLogger - INFO - Thread-1 - REQUEST RECEIVED: type = PUT, key = counterKey-7491989
2017-04-14 03:08:04,084 - BlobStoreLogger - INFO - Thread-1 - REQUEST RECEIVED: type = GET, key = counterKey-7491989
2017-04-14 03:08:04,092 - BlobStoreLogger - INFO - Thread-1 - REQUEST RECEIVED: type = PUT, key = counterKey-7491989
2017-04-14 03:08:04,106 - BlobStoreLogger - INFO - Thread-1 - REQUEST RECEIVED: type = GET, key = counterKey-7491989
2017-04-14 03:08:04,113 - BlobStoreLogger - INFO - Thread-1 - REQUEST RECEIVED: type = PUT, key = counterKey-7491989
2017-04-14 03:08:04,151 - BlobStoreLogger - INFO - Thread-1 - REQUEST RECEIVED: type = GET, key = counterKey-7491989
2017-04-14 03:08:12,209 - BlobStoreLogger - INFO - Thread-1 - REQUEST RECEIVED: type = PUT, key = counterKey-7491989
2017-04-14 03:08:12,227 - BlobStoreLogger - INFO - Thread-1 - REQUEST RECEIVED: type = GET, key = counterKey-7491989
2017-04-14 03:08:12,235 - BlobStoreLogger - INFO - Thread-1 - REQUEST RECEIVED: type = PUT, key = counterKey-7491989
2017-04-14 03:08:12,250 - BlobStoreLogger - INFO - Thread-1 - REQUEST RECEIVED: type = GET, key = counterKey-7491989
2017-04-14 03:08:12,258 - BlobStoreLogger - INFO - Thread-1 - REQUEST RECEIVED: type = PUT, key = counterKey-7491989
2017-04-14 03:08:12,278 - BlobStoreLogger - INFO - Thread-1 - REQUEST RECEIVED: type = GET, key = counterKey-7491989
2017-04-14 03:08:12,285 - BlobStoreLogger - INFO - Thread-1 - REQUEST RECEIVED: type = PUT, key = counterKey-7491989
2017-04-14 03:08:12,308 - BlobStoreLogger - INFO - Thread-1 - REQUEST RECEIVED: type = GET, key = counterKey-7491989
2017-04-14 03:08:12,316 - BlobStoreLogger - INFO - Thread-1 - REQUEST RECEIVED: type = PUT, key = counterKey-7491989
2017-04-14 03:08:12,332 - BlobStoreLogger - INFO - Thread-1 - REQUEST RECEIVED: type = GET, key = counterKey-7491989
2017-04-14 03:08:12,340 - BlobStoreLogger - INFO - Thread-1 - REQUEST RECEIVED: type = PUT, key = counterKey-7491989
2017-04-14 03:08:12,355 - BlobStoreLogger - INFO - Thread-1 - REQUEST RECEIVED: type = GET, key = counterKey-7491989
2017-04-14 03:08:12,362 - BlobStoreLogger - INFO - Thread-1 - REQUEST RECEIVED: type = PUT, key = counterKey-7491989
2017-04-14 03:08:12,378 - BlobStoreLogger - INFO - Thread-1 - REQUEST RECEIVED: type = GET, key = counterKey-7491989
2017-04-14 03:08:12,387 - BlobStoreLogger - INFO - Thread-1 - REQUEST RECEIVED: type = PUT, key = counterKey-7491989
2017-04-14 03:08:12,401 - BlobStoreLogger - INFO - Thread-1 - REQUEST RECEIVED: type = GET, key = counterKey-7491989
2017-04-14 03:08:12,409 - BlobStoreLogger - INFO - Thread-1 - REQUEST RECEIVED: type = PUT, key = counterKey-7491989
2017-04-14 03:08:12,427 - BlobStoreLogger - INFO - Thread-1 - REQUEST RECEIVED: type = GET, key = counterKey-7491989
2017-04-14 03:08:12,435 - BlobStoreLogger - INFO - Thread-1 - REQUEST RECEIVED: type = PUT, key = counterKey-7491989
2017-04-14 03:08:12,448 - BlobStoreLogger - INFO - Thread-1 - REQUEST RECEIVED: type = GET, key = counterKey-7491989
2017-04-14 03:08:12,456 - BlobStoreLogger - INFO - Thread-1 - REQUEST RECEIVED: type = PUT, key = counterKey-7491989
2017-04-14 03:08:12,472 - BlobStoreLogger - INFO - Thread-1 - REQUEST RECEIVED: type = GET, key = counterKey-7491989
2017-04-14 03:08:12,479 - BlobStoreLogger - INFO - Thread-1 - REQUEST RECEIVED: type = PUT, key = counterKey-7491989
2017-04-14 03:08:12,500 - BlobStoreLogger - INFO - Thread-1 - REQUEST RECEIVED: type = GET, key = counterKey-7491989
2017-04-14 03:08:12,509 - BlobStoreLogger - INFO - Thread-1 - REQUEST RECEIVED: type = PUT, key = counterKey-7491989
2017-04-14 03:08:12,527 - BlobStoreLogger - INFO - Thread-1 - REQUEST RECEIVED: type = GET, key = counterKey-7491989
2017-04-14 03:08:12,536 - BlobStoreLogger - INFO - Thread-1 - REQUEST RECEIVED: type = PUT, key = counterKey-7491989
2017-04-14 03:08:12,552 - BlobStoreLogger - INFO - Thread-1 - REQUEST RECEIVED: type = GET, key = counterKey-7491989
2017-04-14 03:08:12,560 - BlobStoreLogger - INFO - Thread-1 - REQUEST RECEIVED: type = PUT, key = counterKey-7491989
2017-04-14 03:08:12,574 - BlobStoreLogger - INFO - Thread-1 - REQUEST RECEIVED: type = GET, key = counterKey-7491989
2017-04-14 03:08:12,582 - BlobStoreLogger - INFO - Thread-1 - REQUEST RECEIVED: type = PUT, key = counterKey-7491989
2017-04-14 03:08:12,596 - BlobStoreLogger - INFO - Thread-1 - REQUEST RECEIVED: type = GET, key = counterKey-7491989
2017-04-14 03:08:12,605 - BlobStoreLogger - INFO - Thread-1 - REQUEST RECEIVED: type = PUT, key = counterKey-7491989
2017-04-14 03:08:12,622 - BlobStoreLogger - INFO - Thread-1 - REQUEST RECEIVED: type = GET, key = counterKey-7491989
2017-04-14 03:08:12,629 - BlobStoreLogger - INFO - Thread-1 - REQUEST RECEIVED: type = PUT, key = counterKey-7491989
2017-04-14 03:08:12,647 - BlobStoreLogger - INFO - Thread-1 - REQUEST RECEIVED: type = GET, key = counterKey-7491989
2017-04-14 03:08:12,654 - BlobStoreLogger - INFO - Thread-1 - REQUEST RECEIVED: type = PUT, key = counterKey-7491989
2017-04-14 03:08:12,671 - BlobStoreLogger - INFO - Thread-1 - REQUEST RECEIVED: type = GET, key = counterKey-7491989
2017-04-14 03:08:12,679 - BlobStoreLogger - INFO - Thread-1 - REQUEST RECEIVED: type = PUT, key = counterKey-7491989
2017-04-14 03:08:12,695 - BlobStoreLogger - INFO - Thread-1 - REQUEST RECEIVED: type = GET, key = counterKey-7491989
2017-04-14 03:08:12,702 - BlobStoreLogger - INFO - Thread-1 - REQUEST RECEIVED: type = PUT, key = counterKey-7491989
2017-04-14 03:08:12,719 - BlobStoreLogger - INFO - Thread-1 - REQUEST RECEIVED: type = GET, key = counterKey-7491989
2017-04-14 03:08:12,726 - BlobStoreLogger - INFO - Thread-1 - REQUEST RECEIVED: type = PUT, key = counterKey-7491989
2017-04-14 03:08:12,742 - BlobStoreLogger - INFO - Thread-1 - REQUEST RECEIVED: type = GET, key = counterKey-7491989
2017-04-14 03:08:12,751 - BlobStoreLogger - INFO - Thread-1 - REQUEST RECEIVED: type = PUT, key = counterKey-7491989
2017-04-14 03:08:12,766 - BlobStoreLogger - INFO - Thread-1 - REQUEST RECEIVED: type = GET, key = counterKey-7491989
2017-04-14 03:08:12,773 - BlobStoreLogger - INFO - Thread-1 - REQUEST RECEIVED: type = PUT, key = counterKey-7491989
2017-04-14 03:08:12,793 - BlobStoreLogger - INFO - Thread-1 - REQUEST RECEIVED: type = GET, key = counterKey-7491989
2017-04-14 03:08:12,800 - BlobStoreLogger - INFO - Thread-1 - REQUEST RECEIVED: type = PUT, key = counterKey-7491989
2017-04-14 03:08:12,817 - BlobStoreLogger - INFO - Thread-1 - REQUEST RECEIVED: type = GET, key = counterKey-7491989
2017-04-14 03:08:12,825 - BlobStoreLogger - INFO - Thread-1 - REQUEST RECEIVED: type = PUT, key = counterKey-7491989
2017-04-14 03:08:12,843 - BlobStoreLogger - INFO - Thread-1 - REQUEST RECEIVED: type = GET, key = counterKey-7491989
2017-04-14 03:08:12,850 - BlobStoreLogger - INFO - Thread-1 - REQUEST RECEIVED: type = PUT, key = counterKey-7491989
2017-04-14 03:08:12,869 - BlobStoreLogger - INFO - Thread-1 - REQUEST RECEIVED: type = GET, key = counterKey-7491989
2017-04-14 03:08:12,875 - BlobStoreLogger - INFO - Thread-1 - REQUEST RECEIVED: type = PUT, key = counterKey-7491989
2017-04-14 03:08:12,892 - BlobStoreLogger - INFO - Thread-1 - REQUEST RECEIVED: type = GET, key = counterKey-7491989
2017-04-14 03:08:12,900 - BlobStoreLogger - INFO - Thread-1 - REQUEST RECEIVED: type = PUT, key = counterKey-7491989
2017-04-14 03:08:12,916 - BlobStoreLogger - INFO - Thread-1 - REQUEST RECEIVED: type = GET, key = counterKey-7491989
2017-04-14 03:08:12,924 - BlobStoreLogger - INFO - Thread-1 - REQUEST RECEIVED: type = PUT, key = counterKey-7491989
2017-04-14 03:08:12,940 - BlobStoreLogger - INFO - Thread-1 - REQUEST RECEIVED: type = GET, key = counterKey-7491989
2017-04-14 03:08:12,947 - BlobStoreLogger - INFO - Thread-1 - REQUEST RECEIVED: type = PUT, key = counterKey-7491989
2017-04-14 03:08:12,961 - BlobStoreLogger - INFO - Thread-1 - REQUEST RECEIVED: type = GET, key = counterKey-7491989
2017-04-14 03:08:12,968 - BlobStoreLogger - INFO - Thread-1 - REQUEST RECEIVED: type = PUT, key = counterKey-7491989
2017-04-14 03:08:12,982 - BlobStoreLogger - INFO - Thread-1 - REQUEST RECEIVED: type = GET, key = counterKey-7491989
2017-04-14 03:08:12,990 - BlobStoreLogger - INFO - Thread-1 - REQUEST RECEIVED: type = PUT, key = counterKey-7491989
2017-04-14 03:08:13,006 - BlobStoreLogger - INFO - Thread-1 - REQUEST RECEIVED: type = GET, key = counterKey-7491989
2017-04-14 03:08:13,013 - BlobStoreLogger - INFO - Thread-1 - REQUEST RECEIVED: type = PUT, key = counterKey-7491989
2017-04-14 03:08:13,034 - BlobStoreLogger - INFO - Thread-1 - REQUEST RECEIVED: type = GET, key = counterKey-7491989
2017-04-14 03:08:13,047 - BlobStoreLogger - INFO - Thread-1 - REQUEST RECEIVED: type = PUT, key = counterKey-7491989
2017-04-14 03:08:13,064 - BlobStoreLogger - INFO - Thread-1 - REQUEST RECEIVED: type = GET, key = counterKey-7491989
2017-04-14 03:08:13,073 - BlobStoreLogger - INFO - Thread-1 - REQUEST RECEIVED: type = PUT, key = counterKey-7491989
2017-04-14 03:08:13,092 - BlobStoreLogger - INFO - Thread-1 - REQUEST RECEIVED: type = GET, key = counterKey-7491989
2017-04-14 03:08:13,101 - BlobStoreLogger - INFO - Thread-1 - REQUEST RECEIVED: type = PUT, key = counterKey-7491989
2017-04-14 03:08:13,117 - BlobStoreLogger - INFO - Thread-1 - REQUEST RECEIVED: type = GET, key = counterKey-7491989
2017-04-14 03:08:13,125 - BlobStoreLogger - INFO - Thread-1 - REQUEST RECEIVED: type = PUT, key = counterKey-7491989
2017-04-14 03:08:13,141 - BlobStoreLogger - INFO - Thread-1 - REQUEST RECEIVED: type = GET, key = counterKey-7491989
2017-04-14 03:08:13,152 - BlobStoreLogger - INFO - Thread-1 - REQUEST RECEIVED: type = PUT, key = counterKey-7491989
2017-04-14 03:08:13,171 - BlobStoreLogger - INFO - Thread-1 - REQUEST RECEIVED: type = GET, key = counterKey-7491989
2017-04-14 03:08:13,188 - BlobStoreLogger - INFO - Thread-1 - REQUEST RECEIVED: type = PUT, key = counterKey-7491989
2017-04-14 03:08:25,251 - BlobStoreLogger - INFO - Thread-1 - REQUEST RECEIVED: type = GET, key = counterKey-7491989
2017-04-14 03:08:25,266 - BlobStoreLogger - INFO - Thread-1 - REQUEST RECEIVED: type = DELETE, key = counterKey-7491989
